#
# There is insufficient memory for the Java Runtime Environment to continue.
# Native memory allocation (mmap) failed to map 268435456 bytes for Failed to commit area from 0x0000000701400000 to 0x0000000711400000 of length 268435456.
# Possible reasons:
#   The system is out of physical RAM or swap space
#   The process is running with CompressedOops enabled, and the Java Heap may be blocking the growth of the native heap
# Possible solutions:
#   Reduce memory load on the system
#   Increase physical memory or swap space
#   Check if swap backing store is full
#   Decrease Java heap size (-Xmx/-Xms)
#   Decrease number of Java threads
#   Decrease Java thread stack sizes (-Xss)
#   Set larger code cache with -XX:ReservedCodeCacheSize=
# This output file may be truncated or incomplete.
#
#  Out of Memory Error (./src/hotspot/os/windows/os_windows.cpp:3521), pid=11712, tid=15096
#
# JRE version:  (11.0.12+7) (build )
# Java VM: OpenJDK 64-Bit Server VM (11.0.12+7-b1504.28-7817840, mixed mode, sharing, tiered, compressed oops, g1 gc, windows-amd64)
# No core dump will be written. Minidumps are not enabled by default on client versions of Windows
#

---------------  S U M M A R Y ------------

Command Line: org.jetbrains.kotlin.cli.jvm.K2JVMCompiler @D:\Dicoding\Android Path\android-developer-intermediate\submissions\app\build\20220826_12729330087982126030.compiler.options

Host: Intel(R) Core(TM) i5-9600K CPU @ 3.70GHz, 6 cores, 15G,  Windows 10 , 64 bit Build 19041 (10.0.19041.1889)
Time: Fri Aug 26 20:17:56 2022 SE Asia Standard Time elapsed time: 0.022608 seconds (0d 0h 0m 0s)

---------------  T H R E A D  ---------------

Current thread (0x00000252dde35000):  JavaThread "Unknown thread" [_thread_in_vm, id=15096, stack(0x000000c504300000,0x000000c504400000)]

Stack: [0x000000c504300000,0x000000c504400000]
Native frames: (J=compiled Java code, j=interpreted, Vv=VM code, C=native code)
V  [jvm.dll+0x5fbcea]
V  [jvm.dll+0x731905]
V  [jvm.dll+0x732f1d]
V  [jvm.dll+0x7335d3]
V  [jvm.dll+0x247bf8]
V  [jvm.dll+0x5f90b4]
V  [jvm.dll+0x5edc85]
V  [jvm.dll+0x305aeb]
V  [jvm.dll+0x305a5a]
V  [jvm.dll+0x305932]
V  [jvm.dll+0x30a896]
V  [jvm.dll+0x353803]
V  [jvm.dll+0x353f06]
V  [jvm.dll+0x353903]
V  [jvm.dll+0x2e0678]
V  [jvm.dll+0x2e1827]
V  [jvm.dll+0x710037]
V  [jvm.dll+0x71182c]
V  [jvm.dll+0x360da9]
V  [jvm.dll+0x6f390e]
V  [jvm.dll+0x3c9723]
V  [jvm.dll+0x3cb9b1]
C  [jli.dll+0x536b]
C  [ucrtbase.dll+0x21bb2]
C  [KERNEL32.DLL+0x17034]
C  [ntdll.dll+0x52651]


---------------  P R O C E S S  ---------------

Threads class SMR info:
_java_thread_list=0x00000252dbd943b0, length=0, elements={
}

Java Threads: ( => current thread )

Other Threads:
  0x00000252dde46000 GCTaskThread "GC Thread#0" [stack: 0x000000c504400000,0x000000c504500000] [id=21616]
  0x00000252ddea2000 ConcurrentGCThread "G1 Main Marker" [stack: 0x000000c504500000,0x000000c504600000] [id=22764]
  0x00000252ddea3800 ConcurrentGCThread "G1 Conc#0" [stack: 0x0000000000000000,0x0000000000000000] [id=3288]

[error occurred during error reporting (printing all threads), id 0xc0000005, EXCEPTION_ACCESS_VIOLATION (0xc0000005) at pc=0x00007ffea9280be7]

VM state:not at safepoint (not fully initialized)

VM Mutex/Monitor currently owned by a thread:  ([mutex/lock_event])
[0x00000252dde2ffe0] Heap_lock - owner thread: 0x00000252dde35000

Heap address: 0x0000000701400000, size: 4076 MB, Compressed Oops mode: Non-zero based: 0x0000000701400000
Narrow klass base: 0x0000000000000000, Narrow klass shift: 0

GC Heap History (0 events):
No events

Deoptimization events (0 events):
No events

Classes redefined (0 events):
No events

Internal exceptions (0 events):
No events

Events (1 events):
Event: 0.014 Loaded shared library C:\Program Files\Android\Android Studio\jre\bin\zip.dll


Dynamic libraries:
0x00007ff765cd0000 - 0x00007ff765cda000 	C:\Program Files\Android\Android Studio\jre\bin\java.exe
0x00007fff656d0000 - 0x00007fff658c8000 	C:\WINDOWS\SYSTEM32\ntdll.dll
0x00007fff637e0000 - 0x00007fff6389d000 	C:\WINDOWS\System32\KERNEL32.DLL
0x00007fff633c0000 - 0x00007fff6368e000 	C:\WINDOWS\System32\KERNELBASE.dll
0x00007fff62df0000 - 0x00007fff62ef0000 	C:\WINDOWS\System32\ucrtbase.dll
0x00007fff4fbb0000 - 0x00007fff4fbc9000 	C:\Program Files\Android\Android Studio\jre\bin\jli.dll
0x00007fff65170000 - 0x00007fff65310000 	C:\WINDOWS\System32\USER32.dll
0x00007fff63390000 - 0x00007fff633b2000 	C:\WINDOWS\System32\win32u.dll
0x00007fff63ce0000 - 0x00007fff63d0a000 	C:\WINDOWS\System32\GDI32.dll
0x00007fff63280000 - 0x00007fff6338b000 	C:\WINDOWS\System32\gdi32full.dll
0x00007fff63690000 - 0x00007fff6372d000 	C:\WINDOWS\System32\msvcp_win.dll
0x00007fff50550000 - 0x00007fff507ea000 	C:\WINDOWS\WinSxS\amd64_microsoft.windows.common-controls_6595b64144ccf1df_6.0.19041.1110_none_60b5254171f9507e\COMCTL32.dll
0x00007fff65310000 - 0x00007fff653ae000 	C:\WINDOWS\System32\msvcrt.dll
0x00007fff4bff0000 - 0x00007fff4c007000 	C:\Program Files\Android\Android Studio\jre\bin\VCRUNTIME140.dll
0x00007fff64dc0000 - 0x00007fff64df0000 	C:\WINDOWS\System32\IMM32.DLL
0x00007fff304b0000 - 0x00007fff3054d000 	C:\Program Files\Android\Android Studio\jre\bin\msvcp140.dll
0x00007ffea8f90000 - 0x00007ffea9a75000 	C:\Program Files\Android\Android Studio\jre\bin\server\jvm.dll
0x00007fff64c30000 - 0x00007fff64cde000 	C:\WINDOWS\System32\ADVAPI32.dll
0x00007fff63be0000 - 0x00007fff63c7c000 	C:\WINDOWS\System32\sechost.dll
0x00007fff654d0000 - 0x00007fff655f5000 	C:\WINDOWS\System32\RPCRT4.dll
0x00007fff64fb0000 - 0x00007fff64fb8000 	C:\WINDOWS\System32\PSAPI.DLL
0x00007fff54b00000 - 0x00007fff54b09000 	C:\WINDOWS\SYSTEM32\WSOCK32.dll
0x00007fff65020000 - 0x00007fff6508b000 	C:\WINDOWS\System32\WS2_32.dll
0x00007fff50fc0000 - 0x00007fff50fe7000 	C:\WINDOWS\SYSTEM32\WINMM.dll
0x00007fff5b470000 - 0x00007fff5b47a000 	C:\WINDOWS\SYSTEM32\VERSION.dll
0x00007fff60d10000 - 0x00007fff60d22000 	C:\WINDOWS\SYSTEM32\kernel.appcore.dll
0x00007fff57ea0000 - 0x00007fff57eb1000 	C:\Program Files\Android\Android Studio\jre\bin\verify.dll
0x00007fff5afd0000 - 0x00007fff5b1b4000 	C:\WINDOWS\SYSTEM32\DBGHELP.DLL
0x00007fff5af80000 - 0x00007fff5afac000 	C:\WINDOWS\SYSTEM32\dbgcore.DLL
0x00007fff631f0000 - 0x00007fff63272000 	C:\WINDOWS\System32\bcryptPrimitives.dll
0x00007fff57e60000 - 0x00007fff57e89000 	C:\Program Files\Android\Android Studio\jre\bin\java.dll
0x00007fff5e9b0000 - 0x00007fff5e9bb000 	C:\Program Files\Android\Android Studio\jre\bin\jimage.dll
0x00007fff57e40000 - 0x00007fff57e58000 	C:\Program Files\Android\Android Studio\jre\bin\zip.dll

dbghelp: loaded successfully - version: 4.0.5 - missing functions: none
symbol engine: initialized successfully - sym options: 0x614 - pdb path: .;C:\Program Files\Android\Android Studio\jre\bin;C:\WINDOWS\SYSTEM32;C:\WINDOWS\WinSxS\amd64_microsoft.windows.common-controls_6595b64144ccf1df_6.0.19041.1110_none_60b5254171f9507e;C:\Program Files\Android\Android Studio\jre\bin\server

VM Arguments:
java_command: org.jetbrains.kotlin.cli.jvm.K2JVMCompiler @D:\Dicoding\Android Path\android-developer-intermediate\submissions\app\build\20220826_12729330087982126030.compiler.options
java_class_path (initial): C:\Users\Noparuu\.gradle\caches\modules-2\files-2.1\org.jetbrains.kotlin\kotlin-compiler-embeddable\1.6.21\97bdd5a752ce73b58ef16c17bc7f0ea2faff7a2e\kotlin-compiler-embeddable-1.6.21.jar;C:\Users\Noparuu\.gradle\caches\modules-2\files-2.1\org.jetbrains.kotlin\kotlin-reflect\1.6.21\5dc3574d9b7bebfcb4ec6b10ada4aaa9e140bd0b\kotlin-reflect-1.6.21.jar;C:\Users\Noparuu\.gradle\caches\modules-2\files-2.1\org.jetbrains.kotlin\kotlin-stdlib\1.6.21\11ef67f1900634fd951bad28c53ec957fabbe5b8\kotlin-stdlib-1.6.21.jar;C:\Users\Noparuu\.gradle\caches\modules-2\files-2.1\org.jetbrains.kotlin\kotlin-script-runtime\1.6.21\99c6675100da5d6d5b1c5a1032f27f28008d101b\kotlin-script-runtime-1.6.21.jar;C:\Users\Noparuu\.gradle\caches\modules-2\files-2.1\org.jetbrains.kotlin\kotlin-daemon-embeddable\1.6.21\46b78cf392e1c4f10854c3cadba44abb7b82250f\kotlin-daemon-embeddable-1.6.21.jar;C:\Users\Noparuu\.gradle\caches\modules-2\files-2.1\org.jetbrains.intellij.deps\trove4j\1.0.20200330\3afb14d5f9ceb459d724e907a21145e8ff394f02\trove4j-1.0.20200330.jar;C:\Users\Noparuu\.gradle\caches\modules-2\files-2.1\net.java.dev.jna\jna\5.6.0\330f2244e9030119ab3030fc3fededc86713d9cc\jna-5.6.0.jar;C:\Users\Noparuu\.gradle\caches\modules-2\files-2.1\org.jetbrains.kotlin\kotlin-stdlib-common\1.6.21\5e5b55c26dbc80372a920aef60eb774b714559b8\kotlin-stdlib-common-1.6.21.jar;C:\Users\Noparuu\.gradle\caches\modules-2\files-2.1\org.jetbrains\annotations\13.0\919f0dfe192fb4e063e7dacadee7f8bb9a2672a9\annotations-13.0.jar
Launcher Type: SUN_STANDARD

[Global flags]
     intx CICompilerCount                          = 3                                         {product} {ergonomic}
     uint ConcGCThreads                            = 2                                         {product} {ergonomic}
     uint G1ConcRefinementThreads                  = 6                                         {product} {ergonomic}
   size_t G1HeapRegionSize                         = 1048576                                   {product} {ergonomic}
    uintx GCDrainStackTargetSize                   = 64                                        {product} {ergonomic}
   size_t InitialHeapSize                          = 268435456                                 {product} {ergonomic}
   size_t MarkStackSize                            = 4194304                                   {product} {ergonomic}
   size_t MaxHeapSize                              = 4273995776                                {product} {ergonomic}
   size_t MinHeapDeltaBytes                        = 1048576                                   {product} {ergonomic}
    uintx NonNMethodCodeHeapSize                   = 5830732                                {pd product} {ergonomic}
    uintx NonProfiledCodeHeapSize                  = 122913754                              {pd product} {ergonomic}
    uintx ProfiledCodeHeapSize                     = 122913754                              {pd product} {ergonomic}
    uintx ReservedCodeCacheSize                    = 251658240                              {pd product} {ergonomic}
     bool SegmentedCodeCache                       = true                                      {product} {ergonomic}
     bool UseCompressedClassPointers               = true                                 {lp64_product} {ergonomic}
     bool UseCompressedOops                        = true                                 {lp64_product} {ergonomic}
     bool UseG1GC                                  = true                                      {product} {ergonomic}
     bool UseLargePagesIndividualAllocation        = false                                  {pd product} {ergonomic}

Logging:
Log output configuration:
 #0: stdout all=warning uptime,level,tags
 #1: stderr all=off uptime,level,tags

Environment Variables:
JAVA_HOME=C:\Program Files\Zulu\zulu-11\
PATH=C:\Users\Noparuu\AppData\Local\Programs\Python\Python39\Scripts\;C:\Users\Noparuu\AppData\Local\Programs\Python\Python39\;C:\Program Files\NVIDIA GPU Computing Toolkit\CUDA\v11.2\bin;C:\Program Files\NVIDIA GPU Computing Toolkit\CUDA\v11.2\libnvvp;C:\Program Files\Zulu\zulu-11\bin\;C:\Program Files (x86)\Common Files\Intel\Shared Libraries\redist\intel64\compiler;C:\Windows\system32;C:\Windows;C:\Windows\System32\Wbem;C:\Windows\System32\WindowsPowerShell\v1.0\;C:\Program Files (x86)\NVIDIA Corporation\PhysX\Common;C:\WINDOWS\system32;C:\WINDOWS;C:\WINDOWS\System32\Wbem;C:\WINDOWS\System32\WindowsPowerShell\v1.0\;C:\WINDOWS\System32\OpenSSH\;C:\Program Files\NVIDIA Corporation\NVIDIA NvDLISR;C:\Program Files\Polyspace\R2019a\runtime\win64;C:\Program Files\Polyspace\R2019a\bin;C:\Program Files\Polyspace\R2019a\polyspace\bin;C:\Program Files\Java\jdk-13.0.2\bin;D:\MATLAB\R2019a\runtime\win64;D:\MATLAB\R2019a\bin;D:\MATLAB\R2019a\polyspace\bin;C:\Program Files\Dart\dart-sdk\bin;D:\xampp\php;C:\ProgramData\ComposerSetup\bin;C:\Program Files\gradle-6.6\bin;C:\OpenCV\opencv\build\x64\vc15\bin;C:\Program Files\NVIDIA Corporation\Nsight Compute 2020.3.0\;C:\WINDOWS\system32;C:\WINDOWS;C:\WINDOWS\System32\Wbem;C:\WINDOWS\System32\WindowsPowerShell\v1.0\;C:\WINDOWS\System32\OpenSSH\;C:\ProgramData\chocolatey\bin;C:\Program Files\Go\bin;C:\Program Files\SlikSvn\bin;C:\Program Files\nodejs\;E:\xampp\php;C:\Program Files\Git\cmd;C:\Program Files\Git LFS;C:\Program Files\Cloudflare\Cloudflare WARP\;C:\Users\Noparuu\AppData\Local\Programs\Python\Python39\Scripts\;C:\Users\Noparuu\AppData\Local\Programs\Python\Python39\;C:\Users\WIN 10\AppData\Local\Programs\Python\Python38-32\Scripts\;C:\Users\WIN 10\AppData\Local\Programs\Python\Python38-32\;C:\Users\Noparuu\AppData\Local\Microsoft\WindowsApps;C:\Users\WIN 10\AppData\Local\GitHubDesktop\bin;C:\Users\Noparuu\AppData\Local\atom\bin;C:\Program Files\JetBrains\PyCharm 2020.3.3\bin;;C:\Users\Noparuu\AppData\Local\GitHubDesktop\bin;C
USERNAME=Noparuu
OS=Windows_NT
PROCESSOR_IDENTIFIER=Intel64 Family 6 Model 158 Stepping 12, GenuineIntel



---------------  S Y S T E M  ---------------

OS: Windows 10 , 64 bit Build 19041 (10.0.19041.1889)
OS uptime: 5 days 22:58 hours

CPU:total 6 (initial active 6) (6 cores per cpu, 1 threads per core) family 6 model 158 stepping 12 microcode 0xae, cmov, cx8, fxsr, mmx, sse, sse2, sse3, ssse3, sse4.1, sse4.2, popcnt, avx, avx2, aes, clmul, erms, rtm, 3dnowpref, lzcnt, tsc, tscinvbit, bmi1, bmi2, adx, fma

Memory: 4k page, system-wide physical 16302M (659M free)
TotalPageFile size 46691M (AvailPageFile size 326M)
current process WorkingSet (physical memory assigned to process): 10M, peak: 10M
current process commit charge ("private bytes"): 56M, peak: 312M

vm_info: OpenJDK 64-Bit Server VM (11.0.12+7-b1504.28-7817840) for windows-amd64 JRE (11.0.12+7-b1504.28-7817840), built on Oct 13 2021 22:12:33 by "builder" with MS VC++ 14.0 (VS2015)

END.
