#
# There is insufficient memory for the Java Runtime Environment to continue.
# Native memory allocation (mmap) failed to map 54525952 bytes for Failed to commit area from 0x0000000711400000 to 0x0000000714800000 of length 54525952.
# Possible reasons:
#   The system is out of physical RAM or swap space
#   The process is running with CompressedOops enabled, and the Java Heap may be blocking the growth of the native heap
# Possible solutions:
#   Reduce memory load on the system
#   Increase physical memory or swap space
#   Check if swap backing store is full
#   Decrease Java heap size (-Xmx/-Xms)
#   Decrease number of Java threads
#   Decrease Java thread stack sizes (-Xss)
#   Set larger code cache with -XX:ReservedCodeCacheSize=
#   JVM is running with Zero Based Compressed Oops mode in which the Java heap is
#     placed in the first 32GB address space. The Java Heap base address is the
#     maximum limit for the native heap growth. Please use -XX:HeapBaseMinAddress
#     to set the Java Heap base and to place the Java Heap above 32GB virtual address.
# This output file may be truncated or incomplete.
#
#  Out of Memory Error (./src/hotspot/os/windows/os_windows.cpp:3521), pid=25412, tid=24380
#
# JRE version: OpenJDK Runtime Environment (11.0.12+7) (build 11.0.12+7-b1504.28-7817840)
# Java VM: OpenJDK 64-Bit Server VM (11.0.12+7-b1504.28-7817840, mixed mode, tiered, compressed oops, g1 gc, windows-amd64)
# No core dump will be written. Minidumps are not enabled by default on client versions of Windows
#

---------------  S U M M A R Y ------------

Command Line: org.jetbrains.kotlin.cli.jvm.K2JVMCompiler @D:\Dicoding\Android Path\android-developer-intermediate\submissions\app\build\20220826_3977070274371295632.compiler.options

Host: Intel(R) Core(TM) i5-9600K CPU @ 3.70GHz, 6 cores, 15G,  Windows 10 , 64 bit Build 19041 (10.0.19041.1889)
Time: Fri Aug 26 20:23:19 2022 SE Asia Standard Time elapsed time: 3.827931 seconds (0d 0h 0m 3s)

---------------  T H R E A D  ---------------

Current thread (0x000001335fd93800):  VMThread "VM Thread" [stack: 0x0000002c63100000,0x0000002c63200000] [id=24380]

Stack: [0x0000002c63100000,0x0000002c63200000]
[error occurred during error reporting (printing stack bounds), id 0xc0000005, EXCEPTION_ACCESS_VIOLATION (0xc0000005) at pc=0x0000013344be112d]

Native frames: (J=compiled Java code, j=interpreted, Vv=VM code, C=native code)
V  [jvm.dll+0x5fbcea]
V  [jvm.dll+0x731905]
V  [jvm.dll+0x732f1d]
V  [jvm.dll+0x733535]
V  [jvm.dll+0x7334eb]
V  [jvm.dll+0x5fb080]
V  [jvm.dll+0x5fb818]
C  [ntdll.dll+0xa229f]
C  [ntdll.dll+0x51454]
C  [ntdll.dll+0xa0dce]
C  0x0000013344be112d

VM_Operation (0x0000002c62bfc1a0): G1CollectForAllocation, mode: safepoint, requested by thread 0x00000133410d0000


---------------  P R O C E S S  ---------------

Threads class SMR info:
_java_thread_list=0x0000013361c12870, length=11, elements={
0x00000133410d0000, 0x000001335fd96000, 0x000001335fd97000, 0x00000133606a9800,
0x00000133606ab800, 0x00000133606ae800, 0x00000133606b1800, 0x0000013360701000,
0x000001336070b800, 0x00000133607ff000, 0x0000013361c43800
}

Java Threads: ( => current thread )
  0x00000133410d0000 JavaThread "main" [_thread_blocked, id=20532, stack(0x0000002c62b00000,0x0000002c62c00000)]
  0x000001335fd96000 JavaThread "Reference Handler" daemon [_thread_blocked, id=17572, stack(0x0000002c63200000,0x0000002c63300000)]
  0x000001335fd97000 JavaThread "Finalizer" daemon [_thread_blocked, id=16884, stack(0x0000002c63300000,0x0000002c63400000)]
  0x00000133606a9800 JavaThread "Signal Dispatcher" daemon [_thread_blocked, id=28608, stack(0x0000002c63400000,0x0000002c63500000)]
  0x00000133606ab800 JavaThread "Attach Listener" daemon [_thread_blocked, id=23412, stack(0x0000002c63500000,0x0000002c63600000)]
  0x00000133606ae800 JavaThread "Service Thread" daemon [_thread_blocked, id=17516, stack(0x0000002c63600000,0x0000002c63700000)]
  0x00000133606b1800 JavaThread "C2 CompilerThread0" daemon [_thread_blocked, id=15128, stack(0x0000002c63700000,0x0000002c63800000)]
  0x0000013360701000 JavaThread "C1 CompilerThread0" daemon [_thread_blocked, id=29244, stack(0x0000002c63800000,0x0000002c63900000)]
  0x000001336070b800 JavaThread "Sweeper thread" daemon [_thread_blocked, id=25908, stack(0x0000002c63900000,0x0000002c63a00000)]
  0x00000133607ff000 JavaThread "Common-Cleaner" daemon [_thread_blocked, id=13336, stack(0x0000002c63b00000,0x0000002c63c00000)]
  0x0000013361c43800 JavaThread "C2 CompilerThread1" daemon [_thread_blocked, id=9920, stack(0x0000002c64200000,0x0000002c64300000)]

Other Threads:
=>0x000001335fd93800 VMThread "VM Thread" [stack: 0x0000002c63100000,0x0000002c63200000] [id=24380]
  0x00000133607f2800 WatcherThread [stack: 0x0000002c63a00000,0x0000002c63b00000] [id=30544]
  0x00000133410e6000 GCTaskThread "GC Thread#0" [stack: 0x0000002c62c00000,0x0000002c62d00000] [id=29120]
  0x0000013360e97800 GCTaskThread "GC Thread#1" [stack: 0x0000002c63c00000,0x0000002c63d00000] [id=25672]
  0x0000013360df8800 GCTaskThread "GC Thread#2" [stack: 0x0000002c63d00000,0x0000002c63e00000] [id=10836]
  0x0000013360deb800 GCTaskThread "GC Thread#3" [stack: 0x0000002c63e00000,0x0000002c63f00000] [id=17100]
  0x0000013360cf7000 GCTaskThread "GC Thread#4" [stack: 0x0000002c63f00000,0x0000002c64000000] [id=6928]
  0x0000013360ead000 GCTaskThread "GC Thread#5" [stack: 0x0000002c64000000,0x0000002c64100000] [id=25816]
  0x0000013341141800 ConcurrentGCThread "G1 Main Marker" [stack: 0x0000002c62d00000,0x0000002c62e00000] [id=14308]
  0x0000013341143000 ConcurrentGCThread "G1 Conc#0" [stack: 0x0000002c62e00000,0x0000002c62f00000] [id=17656]
  0x0000013361003800 ConcurrentGCThread "G1 Conc#1" [stack: 0x0000002c64100000,0x0000002c64200000] [id=25380]
  0x000001335fc68000 ConcurrentGCThread "G1 Refine#0" [stack: 0x0000002c62f00000,0x0000002c63000000] [id=4876]
  0x0000013361bc9800 ConcurrentGCThread "G1 Refine#1" [stack: 0x0000002c64300000,0x0000002c64400000] [id=3368]
  0x000001335fc69000 ConcurrentGCThread "G1 Young RemSet Sampling" [stack: 0x0000002c63000000,0x0000002c63100000] [id=15164]

Threads with active compile tasks:
C1 CompilerThread0   3836 3185       3       org.jetbrains.kotlin.com.intellij.psi.impl.source.tree.LeafElement::<init> (19 bytes)
C2 CompilerThread1   3836 3163       4       org.jetbrains.kotlin.parsing.SemanticWhitespaceAwarePsiBuilderImpl::getTokenType (22 bytes)

VM state:at safepoint (normal execution)

VM Mutex/Monitor currently owned by a thread:  ([mutex/lock_event])
[0x00000133410cb1d0] Threads_lock - owner thread: 0x000001335fd93800
[0x00000133410ccb20] Heap_lock - owner thread: 0x00000133410d0000

Heap address: 0x0000000701400000, size: 4076 MB, Compressed Oops mode: Zero based, Oop shift amount: 3
Narrow klass base: 0x0000000800000000, Narrow klass shift: 0
Compressed class space size: 1073741824 Address: 0x0000000800000000

Heap:
 garbage-first heap   total 315392K, used 24442K [0x0000000701400000, 0x0000000800000000)
  region size 1024K, 5 young (5120K), 5 survivors (5120K)
 Metaspace       used 44423K, capacity 44887K, committed 45176K, reserved 1089536K
  class space    used 5299K, capacity 5497K, committed 5504K, reserved 1048576K
Heap Regions: E=young(eden), S=young(survivor), O=old, HS=humongous(starts), HC=humongous(continues), CS=collection set, F=free, A=archive, TAMS=top-at-mark-start (previous, next)
|   0|0x0000000701400000, 0x0000000701500000, 0x0000000701500000|100%|HS|  |TAMS 0x0000000701500000, 0x0000000701400000| Complete 
|   1|0x0000000701500000, 0x0000000701600000, 0x0000000701600000|100%|HC|  |TAMS 0x0000000701600000, 0x0000000701500000| Complete 
|   2|0x0000000701600000, 0x0000000701700000, 0x0000000701700000|100%|HC|  |TAMS 0x0000000701700000, 0x0000000701600000| Complete 
|   3|0x0000000701700000, 0x0000000701800000, 0x0000000701800000|100%|HS|  |TAMS 0x0000000701800000, 0x0000000701700000| Complete 
|   4|0x0000000701800000, 0x0000000701900000, 0x0000000701900000|100%|HC|  |TAMS 0x0000000701900000, 0x0000000701800000| Complete 
|   5|0x0000000701900000, 0x0000000701a00000, 0x0000000701a00000|100%|HC|  |TAMS 0x0000000701a00000, 0x0000000701900000| Complete 
|   6|0x0000000701a00000, 0x0000000701a00000, 0x0000000701b00000|  0%| F|  |TAMS 0x0000000701a00000, 0x0000000701a00000| Untracked 
|   7|0x0000000701b00000, 0x0000000701b00000, 0x0000000701c00000|  0%| F|  |TAMS 0x0000000701b00000, 0x0000000701b00000| Untracked 
|   8|0x0000000701c00000, 0x0000000701d00000, 0x0000000701d00000|100%| O|  |TAMS 0x0000000701d00000, 0x0000000701c00000| Untracked 
|   9|0x0000000701d00000, 0x0000000701e00000, 0x0000000701e00000|100%| O|  |TAMS 0x0000000701e00000, 0x0000000701d00000| Untracked 
|  10|0x0000000701e00000, 0x0000000701f00000, 0x0000000701f00000|100%| O|  |TAMS 0x0000000701f00000, 0x0000000701e00000| Untracked 
|  11|0x0000000701f00000, 0x0000000702000000, 0x0000000702000000|100%| O|  |TAMS 0x0000000702000000, 0x0000000701f00000| Untracked 
|  12|0x0000000702000000, 0x0000000702100000, 0x0000000702100000|100%| O|  |TAMS 0x0000000702100000, 0x0000000702000000| Untracked 
|  13|0x0000000702100000, 0x0000000702200000, 0x0000000702200000|100%| O|  |TAMS 0x0000000702200000, 0x0000000702100000| Untracked 
|  14|0x0000000702200000, 0x0000000702300000, 0x0000000702300000|100%| O|  |TAMS 0x0000000702300000, 0x0000000702200000| Untracked 
|  15|0x0000000702300000, 0x0000000702400000, 0x0000000702400000|100%| O|  |TAMS 0x0000000702400000, 0x0000000702300000| Untracked 
|  16|0x0000000702400000, 0x0000000702500000, 0x0000000702500000|100%| O|  |TAMS 0x0000000702500000, 0x0000000702400000| Untracked 
|  17|0x0000000702500000, 0x0000000702600000, 0x0000000702600000|100%| O|  |TAMS 0x0000000702600000, 0x0000000702500000| Untracked 
|  18|0x0000000702600000, 0x0000000702700000, 0x0000000702700000|100%| O|  |TAMS 0x0000000702700000, 0x0000000702600000| Untracked 
|  19|0x0000000702700000, 0x0000000702800000, 0x0000000702800000|100%| O|  |TAMS 0x0000000702800000, 0x0000000702700000| Untracked 
|  20|0x0000000702800000, 0x00000007028dea00, 0x0000000702900000| 86%| O|  |TAMS 0x00000007028dea00, 0x0000000702800000| Untracked 
|  21|0x0000000702900000, 0x0000000702900000, 0x0000000702a00000|  0%| F|  |TAMS 0x0000000702900000, 0x0000000702900000| Untracked 
|  22|0x0000000702a00000, 0x0000000702a00000, 0x0000000702b00000|  0%| F|  |TAMS 0x0000000702a00000, 0x0000000702a00000| Untracked 
|  23|0x0000000702b00000, 0x0000000702b00000, 0x0000000702c00000|  0%| F|  |TAMS 0x0000000702b00000, 0x0000000702b00000| Untracked 
|  24|0x0000000702c00000, 0x0000000702c00000, 0x0000000702d00000|  0%| F|  |TAMS 0x0000000702c00000, 0x0000000702c00000| Untracked 
|  25|0x0000000702d00000, 0x0000000702d00000, 0x0000000702e00000|  0%| F|  |TAMS 0x0000000702d00000, 0x0000000702d00000| Untracked 
|  26|0x0000000702e00000, 0x0000000702e00000, 0x0000000702f00000|  0%| F|  |TAMS 0x0000000702e00000, 0x0000000702e00000| Untracked 
|  27|0x0000000702f00000, 0x0000000702f00000, 0x0000000703000000|  0%| F|  |TAMS 0x0000000702f00000, 0x0000000702f00000| Untracked 
|  28|0x0000000703000000, 0x0000000703000000, 0x0000000703100000|  0%| F|  |TAMS 0x0000000703000000, 0x0000000703000000| Untracked 
|  29|0x0000000703100000, 0x0000000703100000, 0x0000000703200000|  0%| F|  |TAMS 0x0000000703100000, 0x0000000703100000| Untracked 
|  30|0x0000000703200000, 0x0000000703200000, 0x0000000703300000|  0%| F|  |TAMS 0x0000000703200000, 0x0000000703200000| Untracked 
|  31|0x0000000703300000, 0x0000000703300000, 0x0000000703400000|  0%| F|  |TAMS 0x0000000703300000, 0x0000000703300000| Untracked 
|  32|0x0000000703400000, 0x0000000703400000, 0x0000000703500000|  0%| F|  |TAMS 0x0000000703400000, 0x0000000703400000| Untracked 
|  33|0x0000000703500000, 0x0000000703500000, 0x0000000703600000|  0%| F|  |TAMS 0x0000000703500000, 0x0000000703500000| Untracked 
|  34|0x0000000703600000, 0x0000000703600000, 0x0000000703700000|  0%| F|  |TAMS 0x0000000703600000, 0x0000000703600000| Untracked 
|  35|0x0000000703700000, 0x0000000703700000, 0x0000000703800000|  0%| F|  |TAMS 0x0000000703700000, 0x0000000703700000| Untracked 
|  36|0x0000000703800000, 0x0000000703800000, 0x0000000703900000|  0%| F|  |TAMS 0x0000000703800000, 0x0000000703800000| Untracked 
|  37|0x0000000703900000, 0x0000000703900000, 0x0000000703a00000|  0%| F|  |TAMS 0x0000000703900000, 0x0000000703900000| Untracked 
|  38|0x0000000703a00000, 0x0000000703a00000, 0x0000000703b00000|  0%| F|  |TAMS 0x0000000703a00000, 0x0000000703a00000| Untracked 
|  39|0x0000000703b00000, 0x0000000703b00000, 0x0000000703c00000|  0%| F|  |TAMS 0x0000000703b00000, 0x0000000703b00000| Untracked 
|  40|0x0000000703c00000, 0x0000000703c00000, 0x0000000703d00000|  0%| F|  |TAMS 0x0000000703c00000, 0x0000000703c00000| Untracked 
|  41|0x0000000703d00000, 0x0000000703d00000, 0x0000000703e00000|  0%| F|  |TAMS 0x0000000703d00000, 0x0000000703d00000| Untracked 
|  42|0x0000000703e00000, 0x0000000703e00000, 0x0000000703f00000|  0%| F|  |TAMS 0x0000000703e00000, 0x0000000703e00000| Untracked 
|  43|0x0000000703f00000, 0x0000000703f00000, 0x0000000704000000|  0%| F|  |TAMS 0x0000000703f00000, 0x0000000703f00000| Untracked 
|  44|0x0000000704000000, 0x0000000704000000, 0x0000000704100000|  0%| F|  |TAMS 0x0000000704000000, 0x0000000704000000| Untracked 
|  45|0x0000000704100000, 0x0000000704100000, 0x0000000704200000|  0%| F|  |TAMS 0x0000000704100000, 0x0000000704100000| Untracked 
|  46|0x0000000704200000, 0x0000000704200000, 0x0000000704300000|  0%| F|  |TAMS 0x0000000704200000, 0x0000000704200000| Untracked 
|  47|0x0000000704300000, 0x0000000704300000, 0x0000000704400000|  0%| F|  |TAMS 0x0000000704300000, 0x0000000704300000| Untracked 
|  48|0x0000000704400000, 0x0000000704400000, 0x0000000704500000|  0%| F|  |TAMS 0x0000000704400000, 0x0000000704400000| Untracked 
|  49|0x0000000704500000, 0x0000000704500000, 0x0000000704600000|  0%| F|  |TAMS 0x0000000704500000, 0x0000000704500000| Untracked 
|  50|0x0000000704600000, 0x0000000704600000, 0x0000000704700000|  0%| F|  |TAMS 0x0000000704600000, 0x0000000704600000| Untracked 
|  51|0x0000000704700000, 0x0000000704700000, 0x0000000704800000|  0%| F|  |TAMS 0x0000000704700000, 0x0000000704700000| Untracked 
|  52|0x0000000704800000, 0x0000000704800000, 0x0000000704900000|  0%| F|  |TAMS 0x0000000704800000, 0x0000000704800000| Untracked 
|  53|0x0000000704900000, 0x0000000704900000, 0x0000000704a00000|  0%| F|  |TAMS 0x0000000704900000, 0x0000000704900000| Untracked 
|  54|0x0000000704a00000, 0x0000000704a00000, 0x0000000704b00000|  0%| F|  |TAMS 0x0000000704a00000, 0x0000000704a00000| Untracked 
|  55|0x0000000704b00000, 0x0000000704b00000, 0x0000000704c00000|  0%| F|  |TAMS 0x0000000704b00000, 0x0000000704b00000| Untracked 
|  56|0x0000000704c00000, 0x0000000704c00000, 0x0000000704d00000|  0%| F|  |TAMS 0x0000000704c00000, 0x0000000704c00000| Untracked 
|  57|0x0000000704d00000, 0x0000000704d00000, 0x0000000704e00000|  0%| F|  |TAMS 0x0000000704d00000, 0x0000000704d00000| Untracked 
|  58|0x0000000704e00000, 0x0000000704e00000, 0x0000000704f00000|  0%| F|  |TAMS 0x0000000704e00000, 0x0000000704e00000| Untracked 
|  59|0x0000000704f00000, 0x0000000704f00000, 0x0000000705000000|  0%| F|  |TAMS 0x0000000704f00000, 0x0000000704f00000| Untracked 
|  60|0x0000000705000000, 0x0000000705000000, 0x0000000705100000|  0%| F|  |TAMS 0x0000000705000000, 0x0000000705000000| Untracked 
|  61|0x0000000705100000, 0x0000000705100000, 0x0000000705200000|  0%| F|  |TAMS 0x0000000705100000, 0x0000000705100000| Untracked 
|  62|0x0000000705200000, 0x0000000705200000, 0x0000000705300000|  0%| F|  |TAMS 0x0000000705200000, 0x0000000705200000| Untracked 
|  63|0x0000000705300000, 0x0000000705300000, 0x0000000705400000|  0%| F|  |TAMS 0x0000000705300000, 0x0000000705300000| Untracked 
|  64|0x0000000705400000, 0x0000000705400000, 0x0000000705500000|  0%| F|  |TAMS 0x0000000705400000, 0x0000000705400000| Untracked 
|  65|0x0000000705500000, 0x0000000705500000, 0x0000000705600000|  0%| F|  |TAMS 0x0000000705500000, 0x0000000705500000| Untracked 
|  66|0x0000000705600000, 0x0000000705600000, 0x0000000705700000|  0%| F|  |TAMS 0x0000000705600000, 0x0000000705600000| Untracked 
|  67|0x0000000705700000, 0x0000000705700000, 0x0000000705800000|  0%| F|  |TAMS 0x0000000705700000, 0x0000000705700000| Untracked 
|  68|0x0000000705800000, 0x0000000705800000, 0x0000000705900000|  0%| F|  |TAMS 0x0000000705800000, 0x0000000705800000| Untracked 
|  69|0x0000000705900000, 0x0000000705900000, 0x0000000705a00000|  0%| F|  |TAMS 0x0000000705900000, 0x0000000705900000| Untracked 
|  70|0x0000000705a00000, 0x0000000705a00000, 0x0000000705b00000|  0%| F|  |TAMS 0x0000000705a00000, 0x0000000705a00000| Untracked 
|  71|0x0000000705b00000, 0x0000000705b00000, 0x0000000705c00000|  0%| F|  |TAMS 0x0000000705b00000, 0x0000000705b00000| Untracked 
|  72|0x0000000705c00000, 0x0000000705c00000, 0x0000000705d00000|  0%| F|  |TAMS 0x0000000705c00000, 0x0000000705c00000| Untracked 
|  73|0x0000000705d00000, 0x0000000705d00000, 0x0000000705e00000|  0%| F|  |TAMS 0x0000000705d00000, 0x0000000705d00000| Untracked 
|  74|0x0000000705e00000, 0x0000000705e00000, 0x0000000705f00000|  0%| F|  |TAMS 0x0000000705e00000, 0x0000000705e00000| Untracked 
|  75|0x0000000705f00000, 0x0000000705f00000, 0x0000000706000000|  0%| F|  |TAMS 0x0000000705f00000, 0x0000000705f00000| Untracked 
|  76|0x0000000706000000, 0x0000000706000000, 0x0000000706100000|  0%| F|  |TAMS 0x0000000706000000, 0x0000000706000000| Untracked 
|  77|0x0000000706100000, 0x0000000706100000, 0x0000000706200000|  0%| F|  |TAMS 0x0000000706100000, 0x0000000706100000| Untracked 
|  78|0x0000000706200000, 0x0000000706200000, 0x0000000706300000|  0%| F|  |TAMS 0x0000000706200000, 0x0000000706200000| Untracked 
|  79|0x0000000706300000, 0x0000000706300000, 0x0000000706400000|  0%| F|  |TAMS 0x0000000706300000, 0x0000000706300000| Untracked 
|  80|0x0000000706400000, 0x0000000706400000, 0x0000000706500000|  0%| F|  |TAMS 0x0000000706400000, 0x0000000706400000| Untracked 
|  81|0x0000000706500000, 0x0000000706500000, 0x0000000706600000|  0%| F|  |TAMS 0x0000000706500000, 0x0000000706500000| Untracked 
|  82|0x0000000706600000, 0x0000000706600000, 0x0000000706700000|  0%| F|  |TAMS 0x0000000706600000, 0x0000000706600000| Untracked 
|  83|0x0000000706700000, 0x0000000706700000, 0x0000000706800000|  0%| F|  |TAMS 0x0000000706700000, 0x0000000706700000| Untracked 
|  84|0x0000000706800000, 0x0000000706800000, 0x0000000706900000|  0%| F|  |TAMS 0x0000000706800000, 0x0000000706800000| Untracked 
|  85|0x0000000706900000, 0x0000000706900000, 0x0000000706a00000|  0%| F|  |TAMS 0x0000000706900000, 0x0000000706900000| Untracked 
|  86|0x0000000706a00000, 0x0000000706a00000, 0x0000000706b00000|  0%| F|  |TAMS 0x0000000706a00000, 0x0000000706a00000| Untracked 
|  87|0x0000000706b00000, 0x0000000706b00000, 0x0000000706c00000|  0%| F|  |TAMS 0x0000000706b00000, 0x0000000706b00000| Untracked 
|  88|0x0000000706c00000, 0x0000000706c00000, 0x0000000706d00000|  0%| F|  |TAMS 0x0000000706c00000, 0x0000000706c00000| Untracked 
|  89|0x0000000706d00000, 0x0000000706d00000, 0x0000000706e00000|  0%| F|  |TAMS 0x0000000706d00000, 0x0000000706d00000| Untracked 
|  90|0x0000000706e00000, 0x0000000706e00000, 0x0000000706f00000|  0%| F|  |TAMS 0x0000000706e00000, 0x0000000706e00000| Untracked 
|  91|0x0000000706f00000, 0x0000000706f00000, 0x0000000707000000|  0%| F|  |TAMS 0x0000000706f00000, 0x0000000706f00000| Untracked 
|  92|0x0000000707000000, 0x0000000707000000, 0x0000000707100000|  0%| F|  |TAMS 0x0000000707000000, 0x0000000707000000| Untracked 
|  93|0x0000000707100000, 0x0000000707100000, 0x0000000707200000|  0%| F|  |TAMS 0x0000000707100000, 0x0000000707100000| Untracked 
|  94|0x0000000707200000, 0x0000000707200000, 0x0000000707300000|  0%| F|  |TAMS 0x0000000707200000, 0x0000000707200000| Untracked 
|  95|0x0000000707300000, 0x0000000707300000, 0x0000000707400000|  0%| F|  |TAMS 0x0000000707300000, 0x0000000707300000| Untracked 
|  96|0x0000000707400000, 0x0000000707400000, 0x0000000707500000|  0%| F|  |TAMS 0x0000000707400000, 0x0000000707400000| Untracked 
|  97|0x0000000707500000, 0x0000000707500000, 0x0000000707600000|  0%| F|  |TAMS 0x0000000707500000, 0x0000000707500000| Untracked 
|  98|0x0000000707600000, 0x0000000707600000, 0x0000000707700000|  0%| F|  |TAMS 0x0000000707600000, 0x0000000707600000| Untracked 
|  99|0x0000000707700000, 0x0000000707700000, 0x0000000707800000|  0%| F|  |TAMS 0x0000000707700000, 0x0000000707700000| Untracked 
| 100|0x0000000707800000, 0x0000000707800000, 0x0000000707900000|  0%| F|  |TAMS 0x0000000707800000, 0x0000000707800000| Untracked 
| 101|0x0000000707900000, 0x0000000707900000, 0x0000000707a00000|  0%| F|  |TAMS 0x0000000707900000, 0x0000000707900000| Untracked 
| 102|0x0000000707a00000, 0x0000000707a00000, 0x0000000707b00000|  0%| F|  |TAMS 0x0000000707a00000, 0x0000000707a00000| Untracked 
| 103|0x0000000707b00000, 0x0000000707b00000, 0x0000000707c00000|  0%| F|  |TAMS 0x0000000707b00000, 0x0000000707b00000| Untracked 
| 104|0x0000000707c00000, 0x0000000707c00000, 0x0000000707d00000|  0%| F|  |TAMS 0x0000000707c00000, 0x0000000707c00000| Untracked 
| 105|0x0000000707d00000, 0x0000000707d00000, 0x0000000707e00000|  0%| F|  |TAMS 0x0000000707d00000, 0x0000000707d00000| Untracked 
| 106|0x0000000707e00000, 0x0000000707e00000, 0x0000000707f00000|  0%| F|  |TAMS 0x0000000707e00000, 0x0000000707e00000| Untracked 
| 107|0x0000000707f00000, 0x0000000707f00000, 0x0000000708000000|  0%| F|  |TAMS 0x0000000707f00000, 0x0000000707f00000| Untracked 
| 108|0x0000000708000000, 0x0000000708000000, 0x0000000708100000|  0%| F|  |TAMS 0x0000000708000000, 0x0000000708000000| Untracked 
| 109|0x0000000708100000, 0x0000000708100000, 0x0000000708200000|  0%| F|  |TAMS 0x0000000708100000, 0x0000000708100000| Untracked 
| 110|0x0000000708200000, 0x0000000708200000, 0x0000000708300000|  0%| F|  |TAMS 0x0000000708200000, 0x0000000708200000| Untracked 
| 111|0x0000000708300000, 0x0000000708300000, 0x0000000708400000|  0%| F|  |TAMS 0x0000000708300000, 0x0000000708300000| Untracked 
| 112|0x0000000708400000, 0x0000000708400000, 0x0000000708500000|  0%| F|  |TAMS 0x0000000708400000, 0x0000000708400000| Untracked 
| 113|0x0000000708500000, 0x0000000708500000, 0x0000000708600000|  0%| F|  |TAMS 0x0000000708500000, 0x0000000708500000| Untracked 
| 114|0x0000000708600000, 0x0000000708600000, 0x0000000708700000|  0%| F|  |TAMS 0x0000000708600000, 0x0000000708600000| Untracked 
| 115|0x0000000708700000, 0x0000000708700000, 0x0000000708800000|  0%| F|  |TAMS 0x0000000708700000, 0x0000000708700000| Untracked 
| 116|0x0000000708800000, 0x0000000708800000, 0x0000000708900000|  0%| F|  |TAMS 0x0000000708800000, 0x0000000708800000| Untracked 
| 117|0x0000000708900000, 0x0000000708900000, 0x0000000708a00000|  0%| F|  |TAMS 0x0000000708900000, 0x0000000708900000| Untracked 
| 118|0x0000000708a00000, 0x0000000708a00000, 0x0000000708b00000|  0%| F|  |TAMS 0x0000000708a00000, 0x0000000708a00000| Untracked 
| 119|0x0000000708b00000, 0x0000000708b00000, 0x0000000708c00000|  0%| F|  |TAMS 0x0000000708b00000, 0x0000000708b00000| Untracked 
| 120|0x0000000708c00000, 0x0000000708c00000, 0x0000000708d00000|  0%| F|  |TAMS 0x0000000708c00000, 0x0000000708c00000| Untracked 
| 121|0x0000000708d00000, 0x0000000708d00000, 0x0000000708e00000|  0%| F|  |TAMS 0x0000000708d00000, 0x0000000708d00000| Untracked 
| 122|0x0000000708e00000, 0x0000000708e00000, 0x0000000708f00000|  0%| F|  |TAMS 0x0000000708e00000, 0x0000000708e00000| Untracked 
| 123|0x0000000708f00000, 0x0000000708f00000, 0x0000000709000000|  0%| F|  |TAMS 0x0000000708f00000, 0x0000000708f00000| Untracked 
| 124|0x0000000709000000, 0x0000000709000000, 0x0000000709100000|  0%| F|  |TAMS 0x0000000709000000, 0x0000000709000000| Untracked 
| 125|0x0000000709100000, 0x0000000709100000, 0x0000000709200000|  0%| F|  |TAMS 0x0000000709100000, 0x0000000709100000| Untracked 
| 126|0x0000000709200000, 0x0000000709200000, 0x0000000709300000|  0%| F|  |TAMS 0x0000000709200000, 0x0000000709200000| Untracked 
| 127|0x0000000709300000, 0x0000000709300000, 0x0000000709400000|  0%| F|  |TAMS 0x0000000709300000, 0x0000000709300000| Untracked 
| 128|0x0000000709400000, 0x0000000709400000, 0x0000000709500000|  0%| F|  |TAMS 0x0000000709400000, 0x0000000709400000| Untracked 
| 129|0x0000000709500000, 0x0000000709500000, 0x0000000709600000|  0%| F|  |TAMS 0x0000000709500000, 0x0000000709500000| Untracked 
| 130|0x0000000709600000, 0x0000000709600000, 0x0000000709700000|  0%| F|  |TAMS 0x0000000709600000, 0x0000000709600000| Untracked 
| 131|0x0000000709700000, 0x0000000709700000, 0x0000000709800000|  0%| F|  |TAMS 0x0000000709700000, 0x0000000709700000| Untracked 
| 132|0x0000000709800000, 0x0000000709800000, 0x0000000709900000|  0%| F|  |TAMS 0x0000000709800000, 0x0000000709800000| Untracked 
| 133|0x0000000709900000, 0x0000000709900000, 0x0000000709a00000|  0%| F|  |TAMS 0x0000000709900000, 0x0000000709900000| Untracked 
| 134|0x0000000709a00000, 0x0000000709a00000, 0x0000000709b00000|  0%| F|  |TAMS 0x0000000709a00000, 0x0000000709a00000| Untracked 
| 135|0x0000000709b00000, 0x0000000709b00000, 0x0000000709c00000|  0%| F|  |TAMS 0x0000000709b00000, 0x0000000709b00000| Untracked 
| 136|0x0000000709c00000, 0x0000000709c00000, 0x0000000709d00000|  0%| F|  |TAMS 0x0000000709c00000, 0x0000000709c00000| Untracked 
| 137|0x0000000709d00000, 0x0000000709d00000, 0x0000000709e00000|  0%| F|  |TAMS 0x0000000709d00000, 0x0000000709d00000| Untracked 
| 138|0x0000000709e00000, 0x0000000709e00000, 0x0000000709f00000|  0%| F|  |TAMS 0x0000000709e00000, 0x0000000709e00000| Untracked 
| 139|0x0000000709f00000, 0x0000000709f00000, 0x000000070a000000|  0%| F|  |TAMS 0x0000000709f00000, 0x0000000709f00000| Untracked 
| 140|0x000000070a000000, 0x000000070a000000, 0x000000070a100000|  0%| F|  |TAMS 0x000000070a000000, 0x000000070a000000| Untracked 
| 141|0x000000070a100000, 0x000000070a100000, 0x000000070a200000|  0%| F|  |TAMS 0x000000070a100000, 0x000000070a100000| Untracked 
| 142|0x000000070a200000, 0x000000070a200000, 0x000000070a300000|  0%| F|  |TAMS 0x000000070a200000, 0x000000070a200000| Untracked 
| 143|0x000000070a300000, 0x000000070a300000, 0x000000070a400000|  0%| F|  |TAMS 0x000000070a300000, 0x000000070a300000| Untracked 
| 144|0x000000070a400000, 0x000000070a400000, 0x000000070a500000|  0%| F|  |TAMS 0x000000070a400000, 0x000000070a400000| Untracked 
| 145|0x000000070a500000, 0x000000070a500000, 0x000000070a600000|  0%| F|  |TAMS 0x000000070a500000, 0x000000070a500000| Untracked 
| 146|0x000000070a600000, 0x000000070a600000, 0x000000070a700000|  0%| F|  |TAMS 0x000000070a600000, 0x000000070a600000| Untracked 
| 147|0x000000070a700000, 0x000000070a700000, 0x000000070a800000|  0%| F|  |TAMS 0x000000070a700000, 0x000000070a700000| Untracked 
| 148|0x000000070a800000, 0x000000070a800000, 0x000000070a900000|  0%| F|  |TAMS 0x000000070a800000, 0x000000070a800000| Untracked 
| 149|0x000000070a900000, 0x000000070a900000, 0x000000070aa00000|  0%| F|  |TAMS 0x000000070a900000, 0x000000070a900000| Untracked 
| 150|0x000000070aa00000, 0x000000070aa00000, 0x000000070ab00000|  0%| F|  |TAMS 0x000000070aa00000, 0x000000070aa00000| Untracked 
| 151|0x000000070ab00000, 0x000000070ab00000, 0x000000070ac00000|  0%| F|  |TAMS 0x000000070ab00000, 0x000000070ab00000| Untracked 
| 152|0x000000070ac00000, 0x000000070ac00000, 0x000000070ad00000|  0%| F|  |TAMS 0x000000070ac00000, 0x000000070ac00000| Untracked 
| 153|0x000000070ad00000, 0x000000070ad00000, 0x000000070ae00000|  0%| F|  |TAMS 0x000000070ad00000, 0x000000070ad00000| Untracked 
| 154|0x000000070ae00000, 0x000000070ae00000, 0x000000070af00000|  0%| F|  |TAMS 0x000000070ae00000, 0x000000070ae00000| Untracked 
| 155|0x000000070af00000, 0x000000070af00000, 0x000000070b000000|  0%| F|  |TAMS 0x000000070af00000, 0x000000070af00000| Untracked 
| 156|0x000000070b000000, 0x000000070b000000, 0x000000070b100000|  0%| F|  |TAMS 0x000000070b000000, 0x000000070b000000| Untracked 
| 157|0x000000070b100000, 0x000000070b100000, 0x000000070b200000|  0%| F|  |TAMS 0x000000070b100000, 0x000000070b100000| Untracked 
| 158|0x000000070b200000, 0x000000070b200000, 0x000000070b300000|  0%| F|  |TAMS 0x000000070b200000, 0x000000070b200000| Untracked 
| 159|0x000000070b300000, 0x000000070b300000, 0x000000070b400000|  0%| F|  |TAMS 0x000000070b300000, 0x000000070b300000| Untracked 
| 160|0x000000070b400000, 0x000000070b400000, 0x000000070b500000|  0%| F|  |TAMS 0x000000070b400000, 0x000000070b400000| Untracked 
| 161|0x000000070b500000, 0x000000070b500000, 0x000000070b600000|  0%| F|  |TAMS 0x000000070b500000, 0x000000070b500000| Untracked 
| 162|0x000000070b600000, 0x000000070b600000, 0x000000070b700000|  0%| F|  |TAMS 0x000000070b600000, 0x000000070b600000| Untracked 
| 163|0x000000070b700000, 0x000000070b700000, 0x000000070b800000|  0%| F|  |TAMS 0x000000070b700000, 0x000000070b700000| Untracked 
| 164|0x000000070b800000, 0x000000070b800000, 0x000000070b900000|  0%| F|  |TAMS 0x000000070b800000, 0x000000070b800000| Untracked 
| 165|0x000000070b900000, 0x000000070b900000, 0x000000070ba00000|  0%| F|  |TAMS 0x000000070b900000, 0x000000070b900000| Untracked 
| 166|0x000000070ba00000, 0x000000070ba00000, 0x000000070bb00000|  0%| F|  |TAMS 0x000000070ba00000, 0x000000070ba00000| Untracked 
| 167|0x000000070bb00000, 0x000000070bb00000, 0x000000070bc00000|  0%| F|  |TAMS 0x000000070bb00000, 0x000000070bb00000| Untracked 
| 168|0x000000070bc00000, 0x000000070bc00000, 0x000000070bd00000|  0%| F|  |TAMS 0x000000070bc00000, 0x000000070bc00000| Untracked 
| 169|0x000000070bd00000, 0x000000070bd00000, 0x000000070be00000|  0%| F|  |TAMS 0x000000070bd00000, 0x000000070bd00000| Untracked 
| 170|0x000000070be00000, 0x000000070be00000, 0x000000070bf00000|  0%| F|  |TAMS 0x000000070be00000, 0x000000070be00000| Untracked 
| 171|0x000000070bf00000, 0x000000070bf00000, 0x000000070c000000|  0%| F|  |TAMS 0x000000070bf00000, 0x000000070bf00000| Untracked 
| 172|0x000000070c000000, 0x000000070c000000, 0x000000070c100000|  0%| F|  |TAMS 0x000000070c000000, 0x000000070c000000| Untracked 
| 173|0x000000070c100000, 0x000000070c100000, 0x000000070c200000|  0%| F|  |TAMS 0x000000070c100000, 0x000000070c100000| Untracked 
| 174|0x000000070c200000, 0x000000070c200000, 0x000000070c300000|  0%| F|  |TAMS 0x000000070c200000, 0x000000070c200000| Untracked 
| 175|0x000000070c300000, 0x000000070c300000, 0x000000070c400000|  0%| F|  |TAMS 0x000000070c300000, 0x000000070c300000| Untracked 
| 176|0x000000070c400000, 0x000000070c400000, 0x000000070c500000|  0%| F|  |TAMS 0x000000070c400000, 0x000000070c400000| Untracked 
| 177|0x000000070c500000, 0x000000070c500000, 0x000000070c600000|  0%| F|  |TAMS 0x000000070c500000, 0x000000070c500000| Untracked 
| 178|0x000000070c600000, 0x000000070c600000, 0x000000070c700000|  0%| F|  |TAMS 0x000000070c600000, 0x000000070c600000| Untracked 
| 179|0x000000070c700000, 0x000000070c700000, 0x000000070c800000|  0%| F|  |TAMS 0x000000070c700000, 0x000000070c700000| Untracked 
| 180|0x000000070c800000, 0x000000070c800000, 0x000000070c900000|  0%| F|  |TAMS 0x000000070c800000, 0x000000070c800000| Untracked 
| 181|0x000000070c900000, 0x000000070c900000, 0x000000070ca00000|  0%| F|  |TAMS 0x000000070c900000, 0x000000070c900000| Untracked 
| 182|0x000000070ca00000, 0x000000070ca00000, 0x000000070cb00000|  0%| F|  |TAMS 0x000000070ca00000, 0x000000070ca00000| Untracked 
| 183|0x000000070cb00000, 0x000000070cb00000, 0x000000070cc00000|  0%| F|  |TAMS 0x000000070cb00000, 0x000000070cb00000| Untracked 
| 184|0x000000070cc00000, 0x000000070cc00000, 0x000000070cd00000|  0%| F|  |TAMS 0x000000070cc00000, 0x000000070cc00000| Untracked 
| 185|0x000000070cd00000, 0x000000070cd00000, 0x000000070ce00000|  0%| F|  |TAMS 0x000000070cd00000, 0x000000070cd00000| Untracked 
| 186|0x000000070ce00000, 0x000000070ce00000, 0x000000070cf00000|  0%| F|  |TAMS 0x000000070ce00000, 0x000000070ce00000| Untracked 
| 187|0x000000070cf00000, 0x000000070cf00000, 0x000000070d000000|  0%| F|  |TAMS 0x000000070cf00000, 0x000000070cf00000| Untracked 
| 188|0x000000070d000000, 0x000000070d000000, 0x000000070d100000|  0%| F|  |TAMS 0x000000070d000000, 0x000000070d000000| Untracked 
| 189|0x000000070d100000, 0x000000070d100000, 0x000000070d200000|  0%| F|  |TAMS 0x000000070d100000, 0x000000070d100000| Untracked 
| 190|0x000000070d200000, 0x000000070d200000, 0x000000070d300000|  0%| F|  |TAMS 0x000000070d200000, 0x000000070d200000| Untracked 
| 191|0x000000070d300000, 0x000000070d300000, 0x000000070d400000|  0%| F|  |TAMS 0x000000070d300000, 0x000000070d300000| Untracked 
| 192|0x000000070d400000, 0x000000070d400000, 0x000000070d500000|  0%| F|  |TAMS 0x000000070d400000, 0x000000070d400000| Untracked 
| 193|0x000000070d500000, 0x000000070d500000, 0x000000070d600000|  0%| F|  |TAMS 0x000000070d500000, 0x000000070d500000| Untracked 
| 194|0x000000070d600000, 0x000000070d600000, 0x000000070d700000|  0%| F|  |TAMS 0x000000070d600000, 0x000000070d600000| Untracked 
| 195|0x000000070d700000, 0x000000070d700000, 0x000000070d800000|  0%| F|  |TAMS 0x000000070d700000, 0x000000070d700000| Untracked 
| 196|0x000000070d800000, 0x000000070d800000, 0x000000070d900000|  0%| F|  |TAMS 0x000000070d800000, 0x000000070d800000| Untracked 
| 197|0x000000070d900000, 0x000000070d900000, 0x000000070da00000|  0%| F|  |TAMS 0x000000070d900000, 0x000000070d900000| Untracked 
| 198|0x000000070da00000, 0x000000070da00000, 0x000000070db00000|  0%| F|  |TAMS 0x000000070da00000, 0x000000070da00000| Untracked 
| 199|0x000000070db00000, 0x000000070db00000, 0x000000070dc00000|  0%| F|  |TAMS 0x000000070db00000, 0x000000070db00000| Untracked 
| 200|0x000000070dc00000, 0x000000070dc00000, 0x000000070dd00000|  0%| F|  |TAMS 0x000000070dc00000, 0x000000070dc00000| Untracked 
| 201|0x000000070dd00000, 0x000000070dd00000, 0x000000070de00000|  0%| F|  |TAMS 0x000000070dd00000, 0x000000070dd00000| Untracked 
| 202|0x000000070de00000, 0x000000070df00000, 0x000000070df00000|100%| S|CS|TAMS 0x000000070de00000, 0x000000070de00000| Complete 
| 203|0x000000070df00000, 0x000000070e000000, 0x000000070e000000|100%| S|CS|TAMS 0x000000070df00000, 0x000000070df00000| Complete 
| 204|0x000000070e000000, 0x000000070e100000, 0x000000070e100000|100%| S|CS|TAMS 0x000000070e000000, 0x000000070e000000| Complete 
| 205|0x000000070e100000, 0x000000070e200000, 0x000000070e200000|100%| S|CS|TAMS 0x000000070e100000, 0x000000070e100000| Complete 
| 206|0x000000070e200000, 0x000000070e300000, 0x000000070e300000|100%| S|CS|TAMS 0x000000070e200000, 0x000000070e200000| Complete 
| 207|0x000000070e300000, 0x000000070e300000, 0x000000070e400000|  0%| F|  |TAMS 0x000000070e300000, 0x000000070e300000| Untracked 
| 208|0x000000070e400000, 0x000000070e400000, 0x000000070e500000|  0%| F|  |TAMS 0x000000070e400000, 0x000000070e400000| Untracked 
| 209|0x000000070e500000, 0x000000070e500000, 0x000000070e600000|  0%| F|  |TAMS 0x000000070e500000, 0x000000070e500000| Untracked 
| 210|0x000000070e600000, 0x000000070e600000, 0x000000070e700000|  0%| F|  |TAMS 0x000000070e600000, 0x000000070e600000| Untracked 
| 211|0x000000070e700000, 0x000000070e700000, 0x000000070e800000|  0%| F|  |TAMS 0x000000070e700000, 0x000000070e700000| Untracked 
| 212|0x000000070e800000, 0x000000070e800000, 0x000000070e900000|  0%| F|  |TAMS 0x000000070e800000, 0x000000070e800000| Untracked 
| 213|0x000000070e900000, 0x000000070e900000, 0x000000070ea00000|  0%| F|  |TAMS 0x000000070e900000, 0x000000070e900000| Untracked 
| 214|0x000000070ea00000, 0x000000070ea00000, 0x000000070eb00000|  0%| F|  |TAMS 0x000000070ea00000, 0x000000070ea00000| Untracked 
| 215|0x000000070eb00000, 0x000000070eb00000, 0x000000070ec00000|  0%| F|  |TAMS 0x000000070eb00000, 0x000000070eb00000| Untracked 
| 216|0x000000070ec00000, 0x000000070ec00000, 0x000000070ed00000|  0%| F|  |TAMS 0x000000070ec00000, 0x000000070ec00000| Untracked 
| 217|0x000000070ed00000, 0x000000070ed00000, 0x000000070ee00000|  0%| F|  |TAMS 0x000000070ed00000, 0x000000070ed00000| Untracked 
| 218|0x000000070ee00000, 0x000000070ee00000, 0x000000070ef00000|  0%| F|  |TAMS 0x000000070ee00000, 0x000000070ee00000| Untracked 
| 219|0x000000070ef00000, 0x000000070ef00000, 0x000000070f000000|  0%| F|  |TAMS 0x000000070ef00000, 0x000000070ef00000| Untracked 
| 220|0x000000070f000000, 0x000000070f000000, 0x000000070f100000|  0%| F|  |TAMS 0x000000070f000000, 0x000000070f000000| Untracked 
| 221|0x000000070f100000, 0x000000070f100000, 0x000000070f200000|  0%| F|  |TAMS 0x000000070f100000, 0x000000070f100000| Untracked 
| 222|0x000000070f200000, 0x000000070f200000, 0x000000070f300000|  0%| F|  |TAMS 0x000000070f200000, 0x000000070f200000| Untracked 
| 223|0x000000070f300000, 0x000000070f300000, 0x000000070f400000|  0%| F|  |TAMS 0x000000070f300000, 0x000000070f300000| Untracked 
| 224|0x000000070f400000, 0x000000070f400000, 0x000000070f500000|  0%| F|  |TAMS 0x000000070f400000, 0x000000070f400000| Untracked 
| 225|0x000000070f500000, 0x000000070f500000, 0x000000070f600000|  0%| F|  |TAMS 0x000000070f500000, 0x000000070f500000| Untracked 
| 226|0x000000070f600000, 0x000000070f600000, 0x000000070f700000|  0%| F|  |TAMS 0x000000070f600000, 0x000000070f600000| Untracked 
| 227|0x000000070f700000, 0x000000070f700000, 0x000000070f800000|  0%| F|  |TAMS 0x000000070f700000, 0x000000070f700000| Untracked 
| 228|0x000000070f800000, 0x000000070f800000, 0x000000070f900000|  0%| F|  |TAMS 0x000000070f800000, 0x000000070f800000| Untracked 
| 229|0x000000070f900000, 0x000000070f900000, 0x000000070fa00000|  0%| F|  |TAMS 0x000000070f900000, 0x000000070f900000| Untracked 
| 230|0x000000070fa00000, 0x000000070fa00000, 0x000000070fb00000|  0%| F|  |TAMS 0x000000070fa00000, 0x000000070fa00000| Untracked 
| 231|0x000000070fb00000, 0x000000070fb00000, 0x000000070fc00000|  0%| F|  |TAMS 0x000000070fb00000, 0x000000070fb00000| Untracked 
| 232|0x000000070fc00000, 0x000000070fc00000, 0x000000070fd00000|  0%| F|  |TAMS 0x000000070fc00000, 0x000000070fc00000| Untracked 
| 233|0x000000070fd00000, 0x000000070fd00000, 0x000000070fe00000|  0%| F|  |TAMS 0x000000070fd00000, 0x000000070fd00000| Untracked 
| 234|0x000000070fe00000, 0x000000070fe00000, 0x000000070ff00000|  0%| F|  |TAMS 0x000000070fe00000, 0x000000070fe00000| Untracked 
| 235|0x000000070ff00000, 0x000000070ff00000, 0x0000000710000000|  0%| F|  |TAMS 0x000000070ff00000, 0x000000070ff00000| Untracked 
| 236|0x0000000710000000, 0x0000000710000000, 0x0000000710100000|  0%| F|  |TAMS 0x0000000710000000, 0x0000000710000000| Untracked 
| 237|0x0000000710100000, 0x0000000710100000, 0x0000000710200000|  0%| F|  |TAMS 0x0000000710100000, 0x0000000710100000| Untracked 
| 238|0x0000000710200000, 0x0000000710200000, 0x0000000710300000|  0%| F|  |TAMS 0x0000000710200000, 0x0000000710200000| Untracked 
| 239|0x0000000710300000, 0x0000000710300000, 0x0000000710400000|  0%| F|  |TAMS 0x0000000710300000, 0x0000000710300000| Untracked 
| 240|0x0000000710400000, 0x0000000710400000, 0x0000000710500000|  0%| F|  |TAMS 0x0000000710400000, 0x0000000710400000| Untracked 
| 241|0x0000000710500000, 0x0000000710500000, 0x0000000710600000|  0%| F|  |TAMS 0x0000000710500000, 0x0000000710500000| Untracked 
| 242|0x0000000710600000, 0x0000000710600000, 0x0000000710700000|  0%| F|  |TAMS 0x0000000710600000, 0x0000000710600000| Untracked 
| 243|0x0000000710700000, 0x0000000710700000, 0x0000000710800000|  0%| F|  |TAMS 0x0000000710700000, 0x0000000710700000| Untracked 
| 244|0x0000000710800000, 0x0000000710800000, 0x0000000710900000|  0%| F|  |TAMS 0x0000000710800000, 0x0000000710800000| Untracked 
| 245|0x0000000710900000, 0x0000000710900000, 0x0000000710a00000|  0%| F|  |TAMS 0x0000000710900000, 0x0000000710900000| Untracked 
| 246|0x0000000710a00000, 0x0000000710a00000, 0x0000000710b00000|  0%| F|  |TAMS 0x0000000710a00000, 0x0000000710a00000| Untracked 
| 247|0x0000000710b00000, 0x0000000710b00000, 0x0000000710c00000|  0%| F|  |TAMS 0x0000000710b00000, 0x0000000710b00000| Untracked 
| 248|0x0000000710c00000, 0x0000000710c00000, 0x0000000710d00000|  0%| F|  |TAMS 0x0000000710c00000, 0x0000000710c00000| Untracked 
| 249|0x0000000710d00000, 0x0000000710d00000, 0x0000000710e00000|  0%| F|  |TAMS 0x0000000710d00000, 0x0000000710d00000| Untracked 
| 250|0x0000000710e00000, 0x0000000710e00000, 0x0000000710f00000|  0%| F|  |TAMS 0x0000000710e00000, 0x0000000710e00000| Untracked 
| 251|0x0000000710f00000, 0x0000000710f00000, 0x0000000711000000|  0%| F|  |TAMS 0x0000000710f00000, 0x0000000710f00000| Untracked 
| 252|0x0000000711000000, 0x0000000711000000, 0x0000000711100000|  0%| F|  |TAMS 0x0000000711000000, 0x0000000711000000| Untracked 
| 253|0x0000000711100000, 0x0000000711100000, 0x0000000711200000|  0%| F|  |TAMS 0x0000000711100000, 0x0000000711100000| Untracked 
| 254|0x0000000711200000, 0x0000000711200000, 0x0000000711300000|  0%| F|  |TAMS 0x0000000711200000, 0x0000000711200000| Untracked 
| 255|0x0000000711300000, 0x0000000711300000, 0x0000000711400000|  0%| F|  |TAMS 0x0000000711300000, 0x0000000711300000| Untracked 

Card table byte_map: [0x00000133544f0000,0x0000013354cf0000] _byte_map_base: 0x0000013350ce6000

Marking Bits (Prev, Next): (CMBitMap*) 0x0000013341130d28, (CMBitMap*) 0x0000013341130d60
 Prev Bits: [0x00000133554f0000, 0x00000133594a0000)
 Next Bits: [0x00000133594a0000, 0x000001335d450000)

Polling page: 0x000001333f0b0000

Metaspace:

Usage:
  Non-class:     38.47 MB capacity,    38.21 MB (>99%) used,   202.66 KB ( <1%) free+waste,    63.25 KB ( <1%) overhead. 
      Class:      5.37 MB capacity,     5.18 MB ( 96%) used,   169.68 KB (  3%) free+waste,    28.00 KB ( <1%) overhead. 
       Both:     43.83 MB capacity,    43.38 MB ( 99%) used,   372.34 KB ( <1%) free+waste,    91.25 KB ( <1%) overhead. 

Virtual space:
  Non-class space:       40.00 MB reserved,      38.74 MB ( 97%) committed 
      Class space:        1.00 GB reserved,       5.38 MB ( <1%) committed 
             Both:        1.04 GB reserved,      44.12 MB (  4%) committed 

Chunk freelists:
   Non-Class:  154.00 KB
       Class:  7.00 KB
        Both:  161.00 KB

MaxMetaspaceSize: 17179869184.00 GB
CompressedClassSpaceSize: 1.00 GB
Initial GC threshold: 20.80 MB
Current GC threshold: 58.53 MB
CDS: off

CodeHeap 'non-profiled nmethods': size=120064Kb used=1369Kb max_used=1369Kb free=118694Kb
 bounds [0x000001334c6a0000, 0x000001334c910000, 0x0000013353be0000]
CodeHeap 'profiled nmethods': size=120000Kb used=6569Kb max_used=6569Kb free=113430Kb
 bounds [0x0000013345170000, 0x00000133457e0000, 0x000001334c6a0000]
CodeHeap 'non-nmethods': size=5696Kb used=1267Kb max_used=1296Kb free=4428Kb
 bounds [0x0000013344be0000, 0x0000013344e50000, 0x0000013345170000]
 total_blobs=3726 nmethods=3183 adapters=455
 compilation: enabled
              stopped_count=0, restarted_count=0
 full_count=0

Compilation events (20 events):
Event: 3.819 Thread 0x0000013360701000 3176       3       org.jetbrains.kotlin.com.intellij.psi.impl.source.tree.CompositeElement::rawSetParents (54 bytes)
Event: 3.820 Thread 0x0000013360701000 nmethod 3176 0x00000133457d4a10 code [0x00000133457d4c20, 0x00000133457d4fc8]
Event: 3.820 Thread 0x0000013360701000 3177       3       org.jetbrains.kotlin.com.intellij.psi.impl.source.CharTableImpl::intern (71 bytes)
Event: 3.820 Thread 0x0000013360701000 nmethod 3177 0x00000133457d5190 code [0x00000133457d53a0, 0x00000133457d57d8]
Event: 3.820 Thread 0x0000013360701000 3183       3       org.jetbrains.kotlin.com.intellij.psi.impl.source.tree.TreeElement::rawInsertAfterMeWithoutNotifications (118 bytes)
Event: 3.820 Thread 0x00000133606b1800 nmethod 3161 0x000001334c7f5590 code [0x000001334c7f5740, 0x000001334c7f5d78]
Event: 3.820 Thread 0x00000133606b1800 3165       4       org.jetbrains.kotlin.parsing.SemanticWhitespaceAwarePsiBuilderImpl::joinComplexTokens (14 bytes)
Event: 3.821 Thread 0x0000013360701000 nmethod 3183 0x00000133457d5990 code [0x00000133457d5c60, 0x00000133457d6b18]
Event: 3.821 Thread 0x0000013360701000 3179   !   3       org.jetbrains.kotlin.com.intellij.psi.impl.source.CharTableImpl::doIntern (85 bytes)
Event: 3.821 Thread 0x0000013360701000 nmethod 3179 0x00000133457d7010 code [0x00000133457d72a0, 0x00000133457d7d08]
Event: 3.821 Thread 0x0000013360701000 3180       3       org.jetbrains.kotlin.com.intellij.psi.impl.source.CharTableImpl$StringHashToCharSequencesMap::access$100 (10 bytes)
Event: 3.821 Thread 0x00000133606b1800 nmethod 3165 0x000001334c7f6210 code [0x000001334c7f63c0, 0x000001334c7f6518]
Event: 3.821 Thread 0x0000013360701000 nmethod 3180 0x00000133457d8110 code [0x00000133457d82c0, 0x00000133457d83c8]
Event: 3.821 Thread 0x0000013360701000 3181       3       org.jetbrains.kotlin.com.intellij.psi.impl.source.CharTableImpl$StringHashToCharSequencesMap::getSubSequenceWithHashCode (134 bytes)
Event: 3.822 Thread 0x0000013360701000 nmethod 3181 0x00000133457d8490 code [0x00000133457d8700, 0x00000133457d9478]
Event: 3.822 Thread 0x0000013360701000 3182       3       gnu.trove.TIntObjectHashMap::get (24 bytes)
Event: 3.822 Thread 0x0000013360701000 nmethod 3182 0x00000133457d9790 code [0x00000133457d9960, 0x00000133457d9c68]
Event: 3.822 Thread 0x0000013360701000 3184       3       org.jetbrains.kotlin.com.intellij.psi.impl.source.tree.LeafPsiElement::<init> (15 bytes)
Event: 3.822 Thread 0x0000013360701000 nmethod 3184 0x00000133457d9d90 code [0x00000133457d9fa0, 0x00000133457da548]
Event: 3.822 Thread 0x0000013360701000 3185       3       org.jetbrains.kotlin.com.intellij.psi.impl.source.tree.LeafElement::<init> (19 bytes)

GC Heap History (9 events):
Event: 0.977 GC heap before
{Heap before GC invocations=0 (full 0):
 garbage-first heap   total 262144K, used 25600K [0x0000000701400000, 0x0000000800000000)
  region size 1024K, 22 young (22528K), 0 survivors (0K)
 Metaspace       used 11690K, capacity 11826K, committed 11904K, reserved 1060864K
  class space    used 1079K, capacity 1109K, committed 1152K, reserved 1048576K
}
Event: 0.991 GC heap after
{Heap after GC invocations=1 (full 0):
 garbage-first heap   total 262144K, used 5576K [0x0000000701400000, 0x0000000800000000)
  region size 1024K, 3 young (3072K), 3 survivors (3072K)
 Metaspace       used 11690K, capacity 11826K, committed 11904K, reserved 1060864K
  class space    used 1079K, capacity 1109K, committed 1152K, reserved 1048576K
}
Event: 1.775 GC heap before
{Heap before GC invocations=1 (full 0):
 garbage-first heap   total 262144K, used 43464K [0x0000000701400000, 0x0000000800000000)
  region size 1024K, 41 young (41984K), 3 survivors (3072K)
 Metaspace       used 20817K, capacity 21064K, committed 21248K, reserved 1069056K
  class space    used 2202K, capacity 2282K, committed 2304K, reserved 1048576K
}
Event: 1.784 GC heap after
{Heap after GC invocations=2 (full 0):
 garbage-first heap   total 262144K, used 9210K [0x0000000701400000, 0x0000000800000000)
  region size 1024K, 6 young (6144K), 6 survivors (6144K)
 Metaspace       used 20817K, capacity 21064K, committed 21248K, reserved 1069056K
  class space    used 2202K, capacity 2282K, committed 2304K, reserved 1048576K
}
Event: 2.906 GC heap before
{Heap before GC invocations=3 (full 0):
 garbage-first heap   total 262144K, used 68602K [0x0000000701400000, 0x0000000800000000)
  region size 1024K, 59 young (60416K), 6 survivors (6144K)
 Metaspace       used 32993K, capacity 33533K, committed 33920K, reserved 1079296K
  class space    used 4168K, capacity 4385K, committed 4480K, reserved 1048576K
}
Event: 2.919 GC heap after
{Heap after GC invocations=4 (full 0):
 garbage-first heap   total 262144K, used 21191K [0x0000000701400000, 0x0000000800000000)
  region size 1024K, 8 young (8192K), 8 survivors (8192K)
 Metaspace       used 32993K, capacity 33533K, committed 33920K, reserved 1079296K
  class space    used 4168K, capacity 4385K, committed 4480K, reserved 1048576K
}
Event: 3.028 GC heap before
{Heap before GC invocations=4 (full 0):
 garbage-first heap   total 262144K, used 27335K [0x0000000701400000, 0x0000000800000000)
  region size 1024K, 15 young (15360K), 8 survivors (8192K)
 Metaspace       used 34907K, capacity 35389K, committed 35584K, reserved 1081344K
  class space    used 4382K, capacity 4577K, committed 4608K, reserved 1048576K
}
Event: 3.039 GC heap after
{Heap after GC invocations=5 (full 0):
 garbage-first heap   total 262144K, used 22626K [0x0000000701400000, 0x0000000800000000)
  region size 1024K, 2 young (2048K), 2 survivors (2048K)
 Metaspace       used 34907K, capacity 35389K, committed 35584K, reserved 1081344K
  class space    used 4382K, capacity 4577K, committed 4608K, reserved 1048576K
}
Event: 3.822 GC heap before
{Heap before GC invocations=6 (full 0):
 garbage-first heap   total 262144K, used 70754K [0x0000000701400000, 0x0000000800000000)
  region size 1024K, 49 young (50176K), 2 survivors (2048K)
 Metaspace       used 44423K, capacity 44887K, committed 45176K, reserved 1089536K
  class space    used 5299K, capacity 5497K, committed 5504K, reserved 1048576K
}

Deoptimization events (20 events):
Event: 3.693 Thread 0x00000133410d0000 Uncommon trap: trap_request=0xffffff4d fr.pc=0x000001334c79ac74 relative=0x0000000000002af4
Event: 3.694 Thread 0x00000133410d0000 Uncommon trap: reason=unstable_if action=reinterpret pc=0x000001334c79ac74 method=java.lang.StringCoding.encodeUTF8(B[BZ)[B @ 2 c2
Event: 3.694 Thread 0x00000133410d0000 DEOPT PACKING pc=0x000001334c79ac74 sp=0x0000002c62bf62f0
Event: 3.694 Thread 0x00000133410d0000 DEOPT UNPACKING pc=0x0000013344c2a1af sp=0x0000002c62bf6008 mode 2
Event: 3.694 Thread 0x00000133410d0000 Uncommon trap: trap_request=0xffffff4d fr.pc=0x000001334c79f300 relative=0x00000000000002a0
Event: 3.694 Thread 0x00000133410d0000 Uncommon trap: reason=unstable_if action=reinterpret pc=0x000001334c79f300 method=sun.net.www.ParseUtil.firstEncodeIndex(Ljava/lang/String;)I @ 27 c2
Event: 3.694 Thread 0x00000133410d0000 DEOPT PACKING pc=0x000001334c79f300 sp=0x0000002c62bf6400
Event: 3.694 Thread 0x00000133410d0000 DEOPT UNPACKING pc=0x0000013344c2a1af sp=0x0000002c62bf6228 mode 2
Event: 3.694 Thread 0x00000133410d0000 Uncommon trap: trap_request=0xffffff4d fr.pc=0x000001334c76d720 relative=0x0000000000000200
Event: 3.694 Thread 0x00000133410d0000 Uncommon trap: reason=unstable_if action=reinterpret pc=0x000001334c76d720 method=java.lang.String.indexOf(II)I @ 4 c2
Event: 3.694 Thread 0x00000133410d0000 DEOPT PACKING pc=0x000001334c76d720 sp=0x0000002c62bf6090
Event: 3.694 Thread 0x00000133410d0000 DEOPT UNPACKING pc=0x0000013344c2a1af sp=0x0000002c62bf6040 mode 2
Event: 3.694 Thread 0x00000133410d0000 Uncommon trap: trap_request=0xffffff4d fr.pc=0x000001334c770a44 relative=0x00000000000001a4
Event: 3.694 Thread 0x00000133410d0000 Uncommon trap: reason=unstable_if action=reinterpret pc=0x000001334c770a44 method=java.lang.String.startsWith(Ljava/lang/String;I)Z @ 46 c2
Event: 3.694 Thread 0x00000133410d0000 DEOPT PACKING pc=0x000001334c770a44 sp=0x0000002c62bf6190
Event: 3.694 Thread 0x00000133410d0000 DEOPT UNPACKING pc=0x0000013344c2a1af sp=0x0000002c62bf60f8 mode 2
Event: 3.694 Thread 0x00000133410d0000 Uncommon trap: trap_request=0xffffff4d fr.pc=0x000001334c7d5b34 relative=0x00000000000006d4
Event: 3.694 Thread 0x00000133410d0000 Uncommon trap: reason=unstable_if action=reinterpret pc=0x000001334c7d5b34 method=java.lang.String.lastIndexOf(II)I @ 4 c2
Event: 3.694 Thread 0x00000133410d0000 DEOPT PACKING pc=0x000001334c7d5b34 sp=0x0000002c62bf6200
Event: 3.694 Thread 0x00000133410d0000 DEOPT UNPACKING pc=0x0000013344c2a1af sp=0x0000002c62bf60f0 mode 2

Classes redefined (0 events):
No events

Internal exceptions (20 events):
Event: 1.842 Thread 0x00000133410d0000 Exception <a 'java/lang/NoSuchMethodError'{0x0000000710f11e30}: 'int java.lang.invoke.DirectMethodHandle$Holder.invokeStaticInit(java.lang.Object, java.lang.Object, java.lang.Object)'> (0x0000000710f11e30) thrown at [./src/hotspot/share/interpreter/linkResolver.cpp, line 773]
Event: 1.845 Thread 0x00000133410d0000 Exception <a 'java/lang/NoSuchMethodError'{0x0000000710f3d5a0}: 'int java.lang.invoke.DirectMethodHandle$Holder.invokeStaticInit(java.lang.Object, java.lang.Object)'> (0x0000000710f3d5a0) thrown at [./src/hotspot/share/interpreter/linkResolver.cpp, line 773]
Event: 1.894 Thread 0x00000133410d0000 Exception <a 'java/lang/NoSuchMethodError'{0x0000000710d51518}: 'void java.lang.invoke.DirectMethodHandle$Holder.invokeSpecial(java.lang.Object, java.lang.Object)'> (0x0000000710d51518) thrown at [./src/hotspot/share/interpreter/linkResolver.cpp, line 773]
Event: 2.073 Thread 0x00000133410d0000 Exception <a 'java/lang/NoSuchMethodError'{0x00000007105dcea8}: 'java.lang.Object java.lang.invoke.DirectMethodHandle$Holder.invokeStatic(java.lang.Object, java.lang.Object, java.lang.Object, java.lang.Object, java.lang.Object, java.lang.Object, java.lang.Object, java.lang.Object, java.lang.Object, java.lang.Object, java.lang.Object, java.lang.Object, java.lang.Object, java.lang.Object, java.lang.Object)'> (0x00000007105dcea8) thrown at [./src/hotspot/share/interpreter/linkResolver.cpp, line 773]
Event: 2.075 Thread 0x00000133410d0000 Exception <a 'java/lang/NoSuchMethodError'{0x00000007105eaeb0}: 'java.lang.Object java.lang.invoke.DirectMethodHandle$Holder.invokeStatic(java.lang.Object, java.lang.Object, java.lang.Object, java.lang.Object, java.lang.Object, java.lang.Object, java.lang.Object, java.lang.Object, java.lang.Object, java.lang.Object, java.lang.Object, java.lang.Object, java.lang.Object, java.lang.Object, java.lang.Object, java.lang.Object)'> (0x00000007105eaeb0) thrown at [./src/hotspot/share/interpreter/linkResolver.cpp, l
Event: 2.075 Thread 0x00000133410d0000 Exception <a 'java/lang/NoSuchMethodError'{0x00000007105f8dc8}: 'java.lang.Object java.lang.invoke.DirectMethodHandle$Holder.invokeSpecial(java.lang.Object, java.lang.Object, int, int, java.lang.Object, java.lang.Object, java.lang.Object)'> (0x00000007105f8dc8) thrown at [./src/hotspot/share/interpreter/linkResolver.cpp, line 773]
Event: 2.076 Thread 0x00000133410d0000 Exception <a 'java/lang/NoSuchMethodError'{0x00000007105fc600}: 'java.lang.Object java.lang.invoke.DelegatingMethodHandle$Holder.reinvoke_L(java.lang.Object, int, int, java.lang.Object, java.lang.Object, java.lang.Object)'> (0x00000007105fc600) thrown at [./src/hotspot/share/interpreter/linkResolver.cpp, line 773]
Event: 2.076 Thread 0x00000133410d0000 Exception <a 'java/lang/NoSuchMethodError'{0x0000000710400e18}: 'java.lang.Object java.lang.invoke.DirectMethodHandle$Holder.invokeStatic(java.lang.Object, java.lang.Object, java.lang.Object, java.lang.Object, int)'> (0x0000000710400e18) thrown at [./src/hotspot/share/interpreter/linkResolver.cpp, line 773]
Event: 2.121 Thread 0x00000133410d0000 Exception <a 'sun/nio/fs/WindowsException'{0x0000000710341648}> (0x0000000710341648) thrown at [./src/hotspot/share/prims/jni.cpp, line 615]
Event: 2.121 Thread 0x00000133410d0000 Exception <a 'sun/nio/fs/WindowsException'{0x0000000710341ed0}> (0x0000000710341ed0) thrown at [./src/hotspot/share/prims/jni.cpp, line 615]
Event: 2.121 Thread 0x00000133410d0000 Exception <a 'sun/nio/fs/WindowsException'{0x0000000710342768}> (0x0000000710342768) thrown at [./src/hotspot/share/prims/jni.cpp, line 615]
Event: 2.121 Thread 0x00000133410d0000 Exception <a 'sun/nio/fs/WindowsException'{0x0000000710343168}> (0x0000000710343168) thrown at [./src/hotspot/share/prims/jni.cpp, line 615]
Event: 2.121 Thread 0x00000133410d0000 Exception <a 'sun/nio/fs/WindowsException'{0x0000000710343a70}> (0x0000000710343a70) thrown at [./src/hotspot/share/prims/jni.cpp, line 615]
Event: 2.121 Thread 0x00000133410d0000 Exception <a 'sun/nio/fs/WindowsException'{0x00000007103443a8}> (0x00000007103443a8) thrown at [./src/hotspot/share/prims/jni.cpp, line 615]
Event: 2.123 Thread 0x00000133410d0000 Exception <a 'java/lang/NoSuchMethodError'{0x000000071034ac58}: 'void java.lang.invoke.DirectMethodHandle$Holder.invokeStatic(java.lang.Object, java.lang.Object, java.lang.Object, java.lang.Object)'> (0x000000071034ac58) thrown at [./src/hotspot/share/interpreter/linkResolver.cpp, line 773]
Event: 2.232 Thread 0x00000133410d0000 Exception <a 'java/lang/NoSuchMethodError'{0x000000070ff2b840}: 'void java.lang.invoke.DirectMethodHandle$Holder.invokeStaticInit(java.lang.Object, java.lang.Object)'> (0x000000070ff2b840) thrown at [./src/hotspot/share/interpreter/linkResolver.cpp, line 773]
Event: 2.354 Thread 0x00000133410d0000 Exception <a 'java/lang/NoSuchMethodError'{0x000000070f854da0}: 'void java.lang.invoke.DirectMethodHandle$Holder.invokeVirtual(java.lang.Object, java.lang.Object)'> (0x000000070f854da0) thrown at [./src/hotspot/share/interpreter/linkResolver.cpp, line 773]
Event: 2.365 Thread 0x00000133410d0000 Exception <a 'java/lang/NoSuchMethodError'{0x000000070f8c63b0}: 'int java.lang.invoke.DirectMethodHandle$Holder.invokeVirtual(java.lang.Object, java.lang.Object)'> (0x000000070f8c63b0) thrown at [./src/hotspot/share/interpreter/linkResolver.cpp, line 773]
Event: 3.107 Thread 0x00000133410d0000 Exception <a 'java/lang/NoSuchMethodError'{0x0000000710f1c510}: 'java.lang.Object java.lang.invoke.DirectMethodHandle$Holder.invokeVirtual(java.lang.Object, java.lang.Object, java.lang.Object)'> (0x0000000710f1c510) thrown at [./src/hotspot/share/interpreter/linkResolver.cpp, line 773]
Event: 3.788 Thread 0x00000133410d0000 Exception <a 'java/lang/NoSuchMethodError'{0x000000070e3798e0}: 'java.lang.Object java.lang.invoke.Invokers$Holder.linkToTargetMethod(java.lang.Object, int, java.lang.Object)'> (0x000000070e3798e0) thrown at [./src/hotspot/share/interpreter/linkResolver.cpp, line 773]

Events (20 events):
Event: 3.802 loading class org/jetbrains/kotlin/it/unimi/dsi/fastutil/ints/IntArrays$ArrayHashStrategy done
Event: 3.810 loading class org/jetbrains/kotlin/lexer/_JetLexer$State
Event: 3.810 loading class org/jetbrains/kotlin/lexer/_JetLexer$State done
Event: 3.820 loading class org/jetbrains/kotlin/resolve/lazy/declarations/FileBasedPackageMemberDeclarationProvider
Event: 3.820 loading class org/jetbrains/kotlin/resolve/lazy/declarations/FileBasedPackageMemberDeclarationProvider done
Event: 3.821 loading class org/jetbrains/kotlin/resolve/lazy/declarations/AbstractPsiBasedDeclarationProvider
Event: 3.821 loading class org/jetbrains/kotlin/resolve/lazy/declarations/AbstractPsiBasedDeclarationProvider done
Event: 3.821 loading class org/jetbrains/kotlin/com/google/common/collect/AbstractMapBasedMultimap$WrappedSet
Event: 3.821 loading class org/jetbrains/kotlin/com/google/common/collect/AbstractMapBasedMultimap$WrappedSet done
Event: 3.822 loading class org/jetbrains/kotlin/resolve/lazy/declarations/AbstractPsiBasedDeclarationProvider$index$1
Event: 3.822 loading class org/jetbrains/kotlin/resolve/lazy/declarations/AbstractPsiBasedDeclarationProvider$index$1 done
Event: 3.822 loading class org/jetbrains/kotlin/resolve/lazy/declarations/FileBasedPackageMemberDeclarationProvider$allDeclaredSubPackages$1
Event: 3.822 loading class org/jetbrains/kotlin/resolve/lazy/declarations/FileBasedPackageMemberDeclarationProvider$allDeclaredSubPackages$1 done
Event: 3.822 loading class org/jetbrains/kotlin/name/FqName
Event: 3.822 loading class org/jetbrains/kotlin/name/FqName done
Event: 3.822 loading class org/jetbrains/kotlin/resolve/lazy/descriptors/LazyPackageDescriptor
Event: 3.822 loading class org/jetbrains/kotlin/resolve/lazy/descriptors/LazyPackageDescriptor done
Event: 3.822 loading class org/jetbrains/kotlin/resolve/lazy/ResolveSession
Event: 3.822 loading class org/jetbrains/kotlin/resolve/lazy/ResolveSession done
Event: 3.822 Executing VM operation: G1CollectForAllocation


Dynamic libraries:
0x00007ff765cd0000 - 0x00007ff765cda000 	C:\Program Files\Android\Android Studio\jre\bin\java.exe
0x00007fff656d0000 - 0x00007fff658c8000 	C:\WINDOWS\SYSTEM32\ntdll.dll
0x00007fff637e0000 - 0x00007fff6389d000 	C:\WINDOWS\System32\KERNEL32.DLL
0x00007fff633c0000 - 0x00007fff6368e000 	C:\WINDOWS\System32\KERNELBASE.dll
0x00007fff62df0000 - 0x00007fff62ef0000 	C:\WINDOWS\System32\ucrtbase.dll
0x00007fff4fbb0000 - 0x00007fff4fbc9000 	C:\Program Files\Android\Android Studio\jre\bin\jli.dll
0x00007fff65170000 - 0x00007fff65310000 	C:\WINDOWS\System32\USER32.dll
0x00007fff63390000 - 0x00007fff633b2000 	C:\WINDOWS\System32\win32u.dll
0x00007fff63ce0000 - 0x00007fff63d0a000 	C:\WINDOWS\System32\GDI32.dll
0x00007fff63280000 - 0x00007fff6338b000 	C:\WINDOWS\System32\gdi32full.dll
0x00007fff63690000 - 0x00007fff6372d000 	C:\WINDOWS\System32\msvcp_win.dll
0x00007fff4bff0000 - 0x00007fff4c007000 	C:\Program Files\Android\Android Studio\jre\bin\VCRUNTIME140.dll
0x00007fff50550000 - 0x00007fff507ea000 	C:\WINDOWS\WinSxS\amd64_microsoft.windows.common-controls_6595b64144ccf1df_6.0.19041.1110_none_60b5254171f9507e\COMCTL32.dll
0x00007fff65310000 - 0x00007fff653ae000 	C:\WINDOWS\System32\msvcrt.dll
0x00007fff64dc0000 - 0x00007fff64df0000 	C:\WINDOWS\System32\IMM32.DLL
0x00007fff304b0000 - 0x00007fff3054d000 	C:\Program Files\Android\Android Studio\jre\bin\msvcp140.dll
0x00007ffea8f90000 - 0x00007ffea9a75000 	C:\Program Files\Android\Android Studio\jre\bin\server\jvm.dll
0x00007fff64c30000 - 0x00007fff64cde000 	C:\WINDOWS\System32\ADVAPI32.dll
0x00007fff63be0000 - 0x00007fff63c7c000 	C:\WINDOWS\System32\sechost.dll
0x00007fff654d0000 - 0x00007fff655f5000 	C:\WINDOWS\System32\RPCRT4.dll
0x00007fff64fb0000 - 0x00007fff64fb8000 	C:\WINDOWS\System32\PSAPI.DLL
0x00007fff54b00000 - 0x00007fff54b09000 	C:\WINDOWS\SYSTEM32\WSOCK32.dll
0x00007fff65020000 - 0x00007fff6508b000 	C:\WINDOWS\System32\WS2_32.dll
0x00007fff50fc0000 - 0x00007fff50fe7000 	C:\WINDOWS\SYSTEM32\WINMM.dll
0x00007fff5b470000 - 0x00007fff5b47a000 	C:\WINDOWS\SYSTEM32\VERSION.dll
0x00007fff60d10000 - 0x00007fff60d22000 	C:\WINDOWS\SYSTEM32\kernel.appcore.dll
0x00007fff57ea0000 - 0x00007fff57eb1000 	C:\Program Files\Android\Android Studio\jre\bin\verify.dll
0x00007fff5afd0000 - 0x00007fff5b1b4000 	C:\WINDOWS\SYSTEM32\DBGHELP.DLL
0x00007fff5af80000 - 0x00007fff5afac000 	C:\WINDOWS\SYSTEM32\dbgcore.DLL
0x00007fff631f0000 - 0x00007fff63272000 	C:\WINDOWS\System32\bcryptPrimitives.dll
0x00007fff57e60000 - 0x00007fff57e89000 	C:\Program Files\Android\Android Studio\jre\bin\java.dll
0x00007fff5e9b0000 - 0x00007fff5e9bb000 	C:\Program Files\Android\Android Studio\jre\bin\jimage.dll
0x00007fff57e40000 - 0x00007fff57e58000 	C:\Program Files\Android\Android Studio\jre\bin\zip.dll
0x00007fff644e0000 - 0x00007fff64c24000 	C:\WINDOWS\System32\SHELL32.dll
0x00007fff60f10000 - 0x00007fff616a4000 	C:\WINDOWS\SYSTEM32\windows.storage.dll
0x00007fff63d10000 - 0x00007fff64064000 	C:\WINDOWS\System32\combase.dll
0x00007fff62850000 - 0x00007fff62880000 	C:\WINDOWS\SYSTEM32\Wldp.dll
0x00007fff63730000 - 0x00007fff637dd000 	C:\WINDOWS\System32\SHCORE.dll
0x00007fff64fc0000 - 0x00007fff65015000 	C:\WINDOWS\System32\shlwapi.dll
0x00007fff62d30000 - 0x00007fff62d4f000 	C:\WINDOWS\SYSTEM32\profapi.dll
0x00007fff57dd0000 - 0x00007fff57dea000 	C:\Program Files\Android\Android Studio\jre\bin\net.dll
0x00007fff5b480000 - 0x00007fff5b58a000 	C:\WINDOWS\SYSTEM32\WINHTTP.dll
0x00007fff625b0000 - 0x00007fff6261a000 	C:\WINDOWS\system32\mswsock.dll
0x00007fff57db0000 - 0x00007fff57dc4000 	C:\Program Files\Android\Android Studio\jre\bin\nio.dll

dbghelp: loaded successfully - version: 4.0.5 - missing functions: none
symbol engine: initialized successfully - sym options: 0x614 - pdb path: .;C:\Program Files\Android\Android Studio\jre\bin;C:\WINDOWS\SYSTEM32;C:\WINDOWS\WinSxS\amd64_microsoft.windows.common-controls_6595b64144ccf1df_6.0.19041.1110_none_60b5254171f9507e;C:\Program Files\Android\Android Studio\jre\bin\server

VM Arguments:
java_command: org.jetbrains.kotlin.cli.jvm.K2JVMCompiler @D:\Dicoding\Android Path\android-developer-intermediate\submissions\app\build\20220826_3977070274371295632.compiler.options
java_class_path (initial): C:\Users\Noparuu\.gradle\caches\modules-2\files-2.1\org.jetbrains.kotlin\kotlin-compiler-embeddable\1.6.21\97bdd5a752ce73b58ef16c17bc7f0ea2faff7a2e\kotlin-compiler-embeddable-1.6.21.jar;C:\Users\Noparuu\.gradle\caches\modules-2\files-2.1\org.jetbrains.kotlin\kotlin-reflect\1.6.21\5dc3574d9b7bebfcb4ec6b10ada4aaa9e140bd0b\kotlin-reflect-1.6.21.jar;C:\Users\Noparuu\.gradle\caches\modules-2\files-2.1\org.jetbrains.kotlin\kotlin-stdlib\1.6.21\11ef67f1900634fd951bad28c53ec957fabbe5b8\kotlin-stdlib-1.6.21.jar;C:\Users\Noparuu\.gradle\caches\modules-2\files-2.1\org.jetbrains.kotlin\kotlin-script-runtime\1.6.21\99c6675100da5d6d5b1c5a1032f27f28008d101b\kotlin-script-runtime-1.6.21.jar;C:\Users\Noparuu\.gradle\caches\modules-2\files-2.1\org.jetbrains.kotlin\kotlin-daemon-embeddable\1.6.21\46b78cf392e1c4f10854c3cadba44abb7b82250f\kotlin-daemon-embeddable-1.6.21.jar;C:\Users\Noparuu\.gradle\caches\modules-2\files-2.1\org.jetbrains.intellij.deps\trove4j\1.0.20200330\3afb14d5f9ceb459d724e907a21145e8ff394f02\trove4j-1.0.20200330.jar;C:\Users\Noparuu\.gradle\caches\modules-2\files-2.1\net.java.dev.jna\jna\5.6.0\330f2244e9030119ab3030fc3fededc86713d9cc\jna-5.6.0.jar;C:\Users\Noparuu\.gradle\caches\modules-2\files-2.1\org.jetbrains.kotlin\kotlin-stdlib-common\1.6.21\5e5b55c26dbc80372a920aef60eb774b714559b8\kotlin-stdlib-common-1.6.21.jar;C:\Users\Noparuu\.gradle\caches\modules-2\files-2.1\org.jetbrains\annotations\13.0\919f0dfe192fb4e063e7dacadee7f8bb9a2672a9\annotations-13.0.jar
Launcher Type: SUN_STANDARD

[Global flags]
     intx CICompilerCount                          = 3                                         {product} {ergonomic}
     uint ConcGCThreads                            = 2                                         {product} {ergonomic}
     uint G1ConcRefinementThreads                  = 6                                         {product} {ergonomic}
   size_t G1HeapRegionSize                         = 1048576                                   {product} {ergonomic}
    uintx GCDrainStackTargetSize                   = 64                                        {product} {ergonomic}
   size_t InitialHeapSize                          = 268435456                                 {product} {ergonomic}
   size_t MarkStackSize                            = 4194304                                   {product} {ergonomic}
   size_t MaxHeapSize                              = 4273995776                                {product} {ergonomic}
   size_t MaxNewSize                               = 2563768320                                {product} {ergonomic}
   size_t MinHeapDeltaBytes                        = 1048576                                   {product} {ergonomic}
    uintx NonNMethodCodeHeapSize                   = 5830732                                {pd product} {ergonomic}
    uintx NonProfiledCodeHeapSize                  = 122913754                              {pd product} {ergonomic}
    uintx ProfiledCodeHeapSize                     = 122913754                              {pd product} {ergonomic}
    uintx ReservedCodeCacheSize                    = 251658240                              {pd product} {ergonomic}
     bool SegmentedCodeCache                       = true                                      {product} {ergonomic}
     bool UseCompressedClassPointers               = true                                 {lp64_product} {ergonomic}
     bool UseCompressedOops                        = true                                 {lp64_product} {ergonomic}
     bool UseG1GC                                  = true                                      {product} {ergonomic}
     bool UseLargePagesIndividualAllocation        = false                                  {pd product} {ergonomic}

Logging:
Log output configuration:
 #0: stdout all=warning uptime,level,tags
 #1: stderr all=off uptime,level,tags

Environment Variables:
JAVA_HOME=C:\Program Files\Zulu\zulu-11\
PATH=C:\Users\Noparuu\AppData\Local\Programs\Python\Python39\Scripts\;C:\Users\Noparuu\AppData\Local\Programs\Python\Python39\;C:\Program Files\NVIDIA GPU Computing Toolkit\CUDA\v11.2\bin;C:\Program Files\NVIDIA GPU Computing Toolkit\CUDA\v11.2\libnvvp;C:\Program Files\Zulu\zulu-11\bin\;C:\Program Files (x86)\Common Files\Intel\Shared Libraries\redist\intel64\compiler;C:\Windows\system32;C:\Windows;C:\Windows\System32\Wbem;C:\Windows\System32\WindowsPowerShell\v1.0\;C:\Program Files (x86)\NVIDIA Corporation\PhysX\Common;C:\WINDOWS\system32;C:\WINDOWS;C:\WINDOWS\System32\Wbem;C:\WINDOWS\System32\WindowsPowerShell\v1.0\;C:\WINDOWS\System32\OpenSSH\;C:\Program Files\NVIDIA Corporation\NVIDIA NvDLISR;C:\Program Files\Polyspace\R2019a\runtime\win64;C:\Program Files\Polyspace\R2019a\bin;C:\Program Files\Polyspace\R2019a\polyspace\bin;C:\Program Files\Java\jdk-13.0.2\bin;D:\MATLAB\R2019a\runtime\win64;D:\MATLAB\R2019a\bin;D:\MATLAB\R2019a\polyspace\bin;C:\Program Files\Dart\dart-sdk\bin;D:\xampp\php;C:\ProgramData\ComposerSetup\bin;C:\Program Files\gradle-6.6\bin;C:\OpenCV\opencv\build\x64\vc15\bin;C:\Program Files\NVIDIA Corporation\Nsight Compute 2020.3.0\;C:\WINDOWS\system32;C:\WINDOWS;C:\WINDOWS\System32\Wbem;C:\WINDOWS\System32\WindowsPowerShell\v1.0\;C:\WINDOWS\System32\OpenSSH\;C:\ProgramData\chocolatey\bin;C:\Program Files\Go\bin;C:\Program Files\SlikSvn\bin;C:\Program Files\nodejs\;E:\xampp\php;C:\Program Files\Git\cmd;C:\Program Files\Git LFS;C:\Program Files\Cloudflare\Cloudflare WARP\;C:\Users\Noparuu\AppData\Local\Programs\Python\Python39\Scripts\;C:\Users\Noparuu\AppData\Local\Programs\Python\Python39\;C:\Users\WIN 10\AppData\Local\Programs\Python\Python38-32\Scripts\;C:\Users\WIN 10\AppData\Local\Programs\Python\Python38-32\;C:\Users\Noparuu\AppData\Local\Microsoft\WindowsApps;C:\Users\WIN 10\AppData\Local\GitHubDesktop\bin;C:\Users\Noparuu\AppData\Local\atom\bin;C:\Program Files\JetBrains\PyCharm 2020.3.3\bin;;C:\Users\Noparuu\AppData\Local\GitHubDesktop\bin;C
USERNAME=Noparuu
OS=Windows_NT
PROCESSOR_IDENTIFIER=Intel64 Family 6 Model 158 Stepping 12, GenuineIntel



---------------  S Y S T E M  ---------------

OS: Windows 10 , 64 bit Build 19041 (10.0.19041.1889)
OS uptime: 5 days 23:03 hours

CPU:total 6 (initial active 6) (6 cores per cpu, 1 threads per core) family 6 model 158 stepping 12 microcode 0xae, cmov, cx8, fxsr, mmx, sse, sse2, sse3, ssse3, sse4.1, sse4.2, popcnt, avx, avx2, aes, clmul, erms, rtm, 3dnowpref, lzcnt, tsc, tscinvbit, bmi1, bmi2, adx, fma

Memory: 4k page, system-wide physical 16302M (875M free)
TotalPageFile size 46691M (AvailPageFile size 32M)
current process WorkingSet (physical memory assigned to process): 229M, peak: 230M
current process commit charge ("private bytes"): 431M, peak: 483M

vm_info: OpenJDK 64-Bit Server VM (11.0.12+7-b1504.28-7817840) for windows-amd64 JRE (11.0.12+7-b1504.28-7817840), built on Oct 13 2021 22:12:33 by "builder" with MS VC++ 14.0 (VS2015)

END.
